# project libcsp (1.6) configured on Mon Apr 24 12:49:49 2023 by
# waf 2.0.18 (abi 20, python 30a06f0 on linux)
# using ./waf configure --install-csp --with-os=freertos --toolchain=arm-none-eabi- --enable-shlib --prefix=install --includes=/home/caxaho/STM32CubeIDE/workspace_1.12.0/FreeRTOS-CSP-Test/Middlewares/Third_Party/FreeRTOS/Source/include,/home/caxaho/STM32CubeIDE/workspace_1.12.0/FreeRTOS-CSP-Test/Core/Inc,/home/caxaho/STM32CubeIDE/workspace_1.12.0/FreeRTOS-CSP-Test/Middlewares/Third_Party/FreeRTOS/Source/portable/GCC/ARM_CM7/r0p1
#
----------------------------------------
Setting top to
/home/caxaho/Documents/libcsp
----------------------------------------
Setting out to
/home/caxaho/Documents/libcsp/build
----------------------------------------
Checking for 'gcc' (C compiler)
find program=['gcc', 'cc'] paths=['/usr/local/sbin', '/usr/local/bin', '/usr/sbin', '/usr/bin', '/sbin', '/bin', '/usr/games', '/usr/local/games', '/snap/bin'] var='CC' -> ['arm-none-eabi-gcc', '-mcpu=cortex-m7', '-mfpu=fpv5-sp-d16', '-mfloat-abi=hard']
['arm-none-eabi-gcc', '-mcpu=cortex-m7', '-mfpu=fpv5-sp-d16', '-mfloat-abi=hard', '-dM', '-E', '-']
out: #define __DBL_MIN_EXP__ (-1021)
#define __HQ_FBIT__ 15
#define __UINT_LEAST16_MAX__ 0xffff
#define __ARM_SIZEOF_WCHAR_T 4
#define __SFRACT_IBIT__ 0
#define __FLT_MIN__ 1.1754943508222875e-38F
#define __GCC_IEC_559_COMPLEX 0
#define __UFRACT_MAX__ 0XFFFFP-16UR
#define __UINT_LEAST8_TYPE__ unsigned char
#define __FLT_MAX_EXP__ 128
#define __DQ_FBIT__ 63
#define __INTMAX_C(c) c ## LL
#define __ARM_FEATURE_SAT 1
#define __ULFRACT_FBIT__ 32
#define __CHAR_BIT__ 8
#define __USQ_IBIT__ 0
#define __UINT8_MAX__ 0xff
#define __ACCUM_FBIT__ 15
#define __WINT_MAX__ 0xffffffffU
#define __FLT32_MIN_EXP__ (-125)
#define __USFRACT_FBIT__ 8
#define __ORDER_LITTLE_ENDIAN__ 1234
#define __SIZE_MAX__ 0xffffffffU
#define __WCHAR_MAX__ 0xffffffffU
#define __LACCUM_IBIT__ 32
#define __GCC_HAVE_SYNC_COMPARE_AND_SWAP_1 1
#define __GCC_HAVE_SYNC_COMPARE_AND_SWAP_2 1
#define __GCC_HAVE_SYNC_COMPARE_AND_SWAP_4 1
#define __DBL_DENORM_MIN__ ((double)4.9406564584124654e-324L)
#define __GCC_ATOMIC_CHAR_LOCK_FREE 2
#define __GCC_IEC_559 0
#define __FLT32X_DECIMAL_DIG__ 17
#define __FLT_EVAL_METHOD__ 0
#define __TQ_IBIT__ 0
#define __LLACCUM_MAX__ 0X7FFFFFFFFFFFFFFFP-31LLK
#define __FLT32_HAS_INFINITY__ 1
#define __FLT64_DECIMAL_DIG__ 17
#define __GCC_ATOMIC_CHAR32_T_LOCK_FREE 2
#define __INTPTR_WIDTH__ 32
#define __UINT_FAST64_MAX__ 0xffffffffffffffffULL
#define __SIG_ATOMIC_TYPE__ int
#define __DBL_MIN_10_EXP__ (-307)
#define __FINITE_MATH_ONLY__ 0
#define __ARMEL__ 1
#define __FLT32X_MAX_EXP__ 1024
#define __LFRACT_IBIT__ 0
#define __GNUC_PATCHLEVEL__ 1
#define __FLT32_HAS_DENORM__ 1
#define __USA_FBIT__ 16
#define __UINT_FAST8_MAX__ 0xffffffffU
#define __INT8_C(c) c
#define __INT_LEAST8_WIDTH__ 8
#define __UINT_LEAST64_MAX__ 0xffffffffffffffffULL
#define __SA_FBIT__ 15
#define __APCS_32__ 1
#define __SHRT_MAX__ 0x7fff
#define __LDBL_MAX__ 1.7976931348623157e+308L
#define __FRACT_MAX__ 0X7FFFP-15R
#define __thumb2__ 1
#define __UFRACT_FBIT__ 16
#define __ARM_FP 4
#define __UFRACT_MIN__ 0.0UR
#define __UINT_LEAST8_MAX__ 0xff
#define __GCC_ATOMIC_BOOL_LOCK_FREE 2
#define __UINTMAX_TYPE__ long long unsigned int
#define __LLFRACT_EPSILON__ 0x1P-63LLR
#define __FLT_EVAL_METHOD_TS_18661_3__ 0
#define __CHAR_UNSIGNED__ 1
#define __UINT32_MAX__ 0xffffffffUL
#define __ULFRACT_MAX__ 0XFFFFFFFFP-32ULR
#define __TA_IBIT__ 64
#define __LDBL_MAX_EXP__ 1024
#define __WINT_MIN__ 0U
#define __ARM_ASM_SYNTAX_UNIFIED__ 1
#define __INT_LEAST16_WIDTH__ 16
#define __ULLFRACT_MIN__ 0.0ULLR
#define __SCHAR_MAX__ 0x7f
#define __WCHAR_MIN__ 0U
#define __INT64_C(c) c ## LL
#define __GCC_ATOMIC_POINTER_LOCK_FREE 2
#define __LLACCUM_MIN__ (-0X1P31LLK-0X1P31LLK)
#define __SIZEOF_INT__ 4
#define __FLT32X_MANT_DIG__ 53
#define __USACCUM_IBIT__ 8
#define __USER_LABEL_PREFIX__ 
#define __STDC_HOSTED__ 1
#define __ARM_FEATURE_IDIV 1
#define __FLT_DIG__ 6
#define __LFRACT_MIN__ (-0.5LR-0.5LR)
#define __HA_IBIT__ 8
#define __FLT32_DIG__ 6
#define __FLT_EPSILON__ 1.1920928955078125e-7F
#define __SHRT_WIDTH__ 16
#define __USFRACT_IBIT__ 0
#define __LDBL_MIN__ 2.2250738585072014e-308L
#define __STDC_UTF_16__ 1
#define __FRACT_MIN__ (-0.5R-0.5R)
#define __DA_IBIT__ 32
#define __ARM_SIZEOF_MINIMAL_ENUM 1
#define __FLT32X_HAS_INFINITY__ 1
#define __UQQ_FBIT__ 8
#define __SIZEOF_LONG__ 4
#define __UACCUM_MAX__ 0XFFFFFFFFP-16UK
#define __DECIMAL_DIG__ 17
#define __LFRACT_EPSILON__ 0x1P-31LR
#define __FLT64_EPSILON__ 2.2204460492503131e-16F64
#define __INT16_MAX__ 0x7fff
#define __ARM_PCS_VFP 1
#define __LDBL_HAS_QUIET_NAN__ 1
#define __ULACCUM_IBIT__ 32
#define __ARM_FEATURE_FMA 1
#define __FLT64_MANT_DIG__ 53
#define __UACCUM_EPSILON__ 0x1P-16UK
#define __GNUC__ 10
#define __ULLACCUM_MAX__ 0XFFFFFFFFFFFFFFFFP-32ULLK
#define __HQ_IBIT__ 0
#define __FLT_HAS_DENORM__ 1
#define __SIZEOF_LONG_DOUBLE__ 8
#define __SA_IBIT__ 16
#define __BIGGEST_ALIGNMENT__ 8
#define __INTPTR_TYPE__ int
#define __FLT64_MAX_10_EXP__ 308
#define __DBL_DIG__ 15
#define __ULLACCUM_FBIT__ 32
#define __GNUC_STDC_INLINE__ 1
#define __DQ_IBIT__ 0
#define __DBL_MAX__ ((double)1.7976931348623157e+308L)
#define __ULFRACT_IBIT__ 0
#define __INT_FAST32_MAX__ 0x7fffffff
#define __DBL_HAS_INFINITY__ 1
#define __HAVE_SPECULATION_SAFE_VALUE 1
#define __ACCUM_IBIT__ 16
#define __THUMB_INTERWORK__ 1
#define __UINT_LEAST32_MAX__ 0xffffffffUL
#define __LACCUM_MAX__ 0X7FFFFFFFFFFFFFFFP-31LK
#define __FLT32X_HAS_DENORM__ 1
#define __INT_FAST16_TYPE__ int
#define __LDBL_HAS_DENORM__ 1
#define __ARM_FEATURE_LDREX 7
#define __FLT32_DECIMAL_DIG__ 9
#define __INT_LEAST32_MAX__ 0x7fffffffL
#define __ACCUM_MAX__ 0X7FFFFFFFP-15K
#define __DBL_MAX_EXP__ 1024
#define __USACCUM_EPSILON__ 0x1P-8UHK
#define __WCHAR_WIDTH__ 32
#define __FLT32_MAX__ 3.4028234663852886e+38F32
#define __SFRACT_MAX__ 0X7FP-7HR
#define __FRACT_IBIT__ 0
#define __PTRDIFF_MAX__ 0x7fffffff
#define __UACCUM_MIN__ 0.0UK
#define __UACCUM_IBIT__ 16
#define __FLT32_HAS_QUIET_NAN__ 1
#define __LONG_LONG_MAX__ 0x7fffffffffffffffLL
#define __ULACCUM_MAX__ 0XFFFFFFFFFFFFFFFFP-32ULK
#define __SIZEOF_WINT_T__ 4
#define __ARM_FEATURE_UNALIGNED 1
#define __LONG_LONG_WIDTH__ 64
#define __FLT32_MAX_EXP__ 128
#define __ULLACCUM_MIN__ 0.0ULLK
#define __GXX_ABI_VERSION 1014
#define __UTA_FBIT__ 64
#define __UFRACT_IBIT__ 0
#define __USQ_FBIT__ 32
#define __ARM_FEATURE_QBIT 1
#define __INT_FAST64_TYPE__ long long int
#define __FP_FAST_FMAF 1
#define __FLT64_DENORM_MIN__ 4.9406564584124654e-324F64
#define __DBL_MIN__ ((double)2.2250738585072014e-308L)
#define __SIZEOF_POINTER__ 4
#define __INT16_TYPE__ short int
#define __DBL_HAS_QUIET_NAN__ 1
#define __FLT32X_EPSILON__ 2.2204460492503131e-16F32x
#define __FLT64_MIN_EXP__ (-1021)
#define __LACCUM_MIN__ (-0X1P31LK-0X1P31LK)
#define __FRACT_FBIT__ 15
#define __FLT64_MIN_10_EXP__ (-307)
#define __ULLFRACT_EPSILON__ 0x1P-64ULLR
#define __USES_INITFINI__ 1
#define __REGISTER_PREFIX__ 
#define __UINT16_MAX__ 0xffff
#define __DBL_HAS_DENORM__ 1
#define __ACCUM_MIN__ (-0X1P15K-0X1P15K)
#define __SQ_IBIT__ 0
#define __UINT8_TYPE__ unsigned char
#define __UHA_FBIT__ 8
#define __NO_INLINE__ 1
#define __SFRACT_MIN__ (-0.5HR-0.5HR)
#define __UTQ_FBIT__ 128
#define __DEC_EVAL_METHOD__ 2
#define __FLT_MANT_DIG__ 24
#define __LDBL_DECIMAL_DIG__ 17
#define __VERSION__ "10.3.1 20210621 (release)"
#define __UINT64_C(c) c ## ULL
#define __FRACT_EPSILON__ 0x1P-15R
#define __ULACCUM_MIN__ 0.0ULK
#define __UDA_FBIT__ 32
#define __GCC_ATOMIC_INT_LOCK_FREE 2
#define __FLT_MIN_EXP__ (-125)
#define __FLOAT_WORD_ORDER__ __ORDER_LITTLE_ENDIAN__
#define __USFRACT_MIN__ 0.0UHR
#define __FLT32_MANT_DIG__ 24
#define __ULLFRACT_FBIT__ 64
#define __UQQ_IBIT__ 0
#define __SCHAR_WIDTH__ 8
#define __INT32_C(c) c ## L
#define __ORDER_PDP_ENDIAN__ 3412
#define __UHQ_FBIT__ 16
#define __LLACCUM_FBIT__ 31
#define __INT_FAST32_TYPE__ int
#define __UINT_LEAST16_TYPE__ short unsigned int
#define __SIZE_TYPE__ unsigned int
#define __UINT64_MAX__ 0xffffffffffffffffULL
#define __UDQ_FBIT__ 64
#define __INT8_TYPE__ signed char
#define __thumb__ 1
#define __ELF__ 1
#define __SACCUM_EPSILON__ 0x1P-7HK
#define __ULFRACT_EPSILON__ 0x1P-32ULR
#define __LLFRACT_FBIT__ 63
#define __FLT_RADIX__ 2
#define __INT_LEAST16_TYPE__ short int
#define __ARM_ARCH_PROFILE 77
#define __LDBL_EPSILON__ 2.2204460492503131e-16L
#define __UINTMAX_C(c) c ## ULL
#define __SACCUM_MAX__ 0X7FFFP-7HK
#define __FLT32X_MIN__ 2.2250738585072014e-308F32x
#define __SIG_ATOMIC_MAX__ 0x7fffffff
#define __UACCUM_FBIT__ 16
#define __GCC_ATOMIC_WCHAR_T_LOCK_FREE 2
#define __VFP_FP__ 1
#define __SIZEOF_PTRDIFF_T__ 4
#define __ATOMIC_ACQUIRE 2
#define __INT_WIDTH__ 32
#define __LACCUM_EPSILON__ 0x1P-31LK
#define __LDBL_DIG__ 15
#define __FLT32X_MIN_EXP__ (-1021)
#define __INT_FAST16_MAX__ 0x7fffffff
#define __FLT64_DIG__ 15
#define __UINT_FAST32_MAX__ 0xffffffffU
#define __UINT_LEAST64_TYPE__ long long unsigned int
#define __SFRACT_EPSILON__ 0x1P-7HR
#define __GCC_ASM_FLAG_OUTPUTS__ 1
#define __FLT_HAS_QUIET_NAN__ 1
#define __FLT_MAX_10_EXP__ 38
#define __LONG_MAX__ 0x7fffffffL
#define __SIZEOF_SIZE_T__ 4
#define __FLT_HAS_INFINITY__ 1
#define __UINT_FAST16_TYPE__ unsigned int
#define __ARM_32BIT_STATE 1
#define __INT_FAST32_WIDTH__ 32
#define __CHAR16_TYPE__ short unsigned int
#define __PRAGMA_REDEFINE_EXTNAME 1
#define __SIZE_WIDTH__ 32
#define __INT_LEAST16_MAX__ 0x7fff
#define __INT64_MAX__ 0x7fffffffffffffffLL
#define __SACCUM_FBIT__ 7
#define __FLT32_DENORM_MIN__ 1.4012984643248171e-45F32
#define __SIG_ATOMIC_WIDTH__ 32
#define __INT_LEAST64_TYPE__ long long int
#define __ARM_FEATURE_CLZ 1
#define __INT_LEAST8_TYPE__ signed char
#define __STDC_VERSION__ 201710L
#define __SQ_FBIT__ 31
#define __USFRACT_MAX__ 0XFFP-8UHR
#define __ARM_ARCH_ISA_THUMB 2
#define __INT_FAST8_MAX__ 0x7fffffff
#define __ARM_ARCH 7
#define __INTPTR_MAX__ 0x7fffffff
#define __QQ_FBIT__ 7
#define __UTA_IBIT__ 64
#define __FLT64_HAS_QUIET_NAN__ 1
#define __FLT32X_DIG__ 15
#define __UINT16_C(c) c
#define __PTRDIFF_WIDTH__ 32
#define __LDBL_MANT_DIG__ 53
#define __SFRACT_FBIT__ 7
#define __SACCUM_MIN__ (-0X1P7HK-0X1P7HK)
#define __FLT64_HAS_INFINITY__ 1
#define __SIG_ATOMIC_MIN__ (-__SIG_ATOMIC_MAX__ - 1)
#define __GCC_ATOMIC_LONG_LOCK_FREE 2
#define __UINT16_TYPE__ short unsigned int
#define __WCHAR_TYPE__ unsigned int
#define __SIZEOF_FLOAT__ 4
#define __THUMBEL__ 1
#define __TQ_FBIT__ 127
#define __UINTPTR_MAX__ 0xffffffffU
#define __INT_FAST64_WIDTH__ 64
#define __ULLACCUM_IBIT__ 32
#define __FLT32_MAX_10_EXP__ 38
#define __INT_FAST64_MAX__ 0x7fffffffffffffffLL
#define __GCC_ATOMIC_TEST_AND_SET_TRUEVAL 1
#define __FLT_NORM_MAX__ 3.4028234663852886e+38F
#define __UINT_FAST64_TYPE__ long long unsigned int
#define __LACCUM_FBIT__ 31
#define __HA_FBIT__ 7
#define __UHA_IBIT__ 8
#define __INT64_TYPE__ long long int
#define __UTQ_IBIT__ 0
#define __DBL_MANT_DIG__ 53
#define __INT_LEAST64_MAX__ 0x7fffffffffffffffLL
#define __GCC_ATOMIC_CHAR16_T_LOCK_FREE 2
#define __FP_FAST_FMAF32 1
#define __WINT_TYPE__ unsigned int
#define __UINT_LEAST32_TYPE__ long unsigned int
#define __SIZEOF_SHORT__ 2
#define __ULLFRACT_IBIT__ 0
#define __FLT32_NORM_MAX__ 3.4028234663852886e+38F32
#define __LDBL_MIN_EXP__ (-1021)
#define __GXX_TYPEINFO_EQUALITY_INLINE 0
#define __INTMAX_MAX__ 0x7fffffffffffffffLL
#define __arm__ 1
#define __FLT64_MAX__ 1.7976931348623157e+308F64
#define __UDA_IBIT__ 32
#define __INT_MAX__ 0x7fffffff
#define __WINT_WIDTH__ 32
#define __INT_LEAST8_MAX__ 0x7f
#define __INT_LEAST64_WIDTH__ 64
#define __FLT32X_MAX_10_EXP__ 308
#define __LLACCUM_EPSILON__ 0x1P-31LLK
#define __LFRACT_FBIT__ 31
#define __LDBL_MAX_10_EXP__ 308
#define __ATOMIC_RELAXED 0
#define __DBL_EPSILON__ ((double)2.2204460492503131e-16L)
#define __ARM_ARCH_7EM__ 1
#define __ARM_FEATURE_SIMD32 1
#define __UINT8_C(c) c
#define __FLT64_MAX_EXP__ 1024
#define __INT_LEAST32_TYPE__ long int
#define __SIZEOF_WCHAR_T__ 4
#define __UINT64_TYPE__ long long unsigned int
#define __LLFRACT_MAX__ 0X7FFFFFFFFFFFFFFFP-63LLR
#define __FLT64_NORM_MAX__ 1.7976931348623157e+308F64
#define __INT_FAST8_TYPE__ int
#define __ULLACCUM_EPSILON__ 0x1P-32ULLK
#define __USACCUM_MAX__ 0XFFFFP-8UHK
#define __LDBL_HAS_INFINITY__ 1
#define __UHQ_IBIT__ 0
#define __ARM_FEATURE_COPROC 15
#define __LLACCUM_IBIT__ 32
#define __ULFRACT_MIN__ 0.0ULR
#define __FLT64_HAS_DENORM__ 1
#define __FLT32_EPSILON__ 1.1920928955078125e-7F32
#define __DBL_DECIMAL_DIG__ 17
#define __STDC_UTF_32__ 1
#define __INT_FAST8_WIDTH__ 32
#define __BYTE_ORDER__ __ORDER_LITTLE_ENDIAN__
#define __FLT32X_MAX__ 1.7976931348623157e+308F32x
#define __TA_FBIT__ 63
#define __DBL_NORM_MAX__ ((double)1.7976931348623157e+308L)
#define __UDQ_IBIT__ 0
#define __INTMAX_WIDTH__ 64
#define __ORDER_BIG_ENDIAN__ 4321
#define __LFRACT_MAX__ 0X7FFFFFFFP-31LR
#define __ARM_FEATURE_DSP 1
#define __ACCUM_EPSILON__ 0x1P-15K
#define __UINT32_C(c) c ## UL
#define __QQ_IBIT__ 0
#define __FLT_DENORM_MIN__ 1.4012984643248171e-45F
#define __LLFRACT_IBIT__ 0
#define __INT8_MAX__ 0x7f
#define __LONG_WIDTH__ 32
#define __INT32_MAX__ 0x7fffffffL
#define __UINT_FAST32_TYPE__ unsigned int
#define __FLT32X_NORM_MAX__ 1.7976931348623157e+308F32x
#define __CHAR32_TYPE__ long unsigned int
#define __FLT32_MIN_10_EXP__ (-37)
#define __FLT_MAX__ 3.4028234663852886e+38F
#define __USACCUM_FBIT__ 8
#define __INT32_TYPE__ long int
#define __SIZEOF_DOUBLE__ 8
#define __FLT_MIN_10_EXP__ (-37)
#define __UFRACT_EPSILON__ 0x1P-16UR
#define __FLT64_MIN__ 2.2250738585072014e-308F64
#define __INT_LEAST32_WIDTH__ 32
#define __INTMAX_TYPE__ long long int
#define __FLT32X_HAS_QUIET_NAN__ 1
#define __ATOMIC_CONSUME 1
#define __GNUC_MINOR__ 3
#define __INT_FAST16_WIDTH__ 32
#define __UINTMAX_MAX__ 0xffffffffffffffffULL
#define __FLT32X_DENORM_MIN__ 4.9406564584124654e-324F32x
#define __ATOMIC_ACQ_REL 4
#define __DBL_MAX_10_EXP__ 308
#define __LDBL_DENORM_MIN__ 4.9406564584124654e-324L
#define __INT16_C(c) c
#define __STDC__ 1
#define __PTRDIFF_TYPE__ int
#define __LLFRACT_MIN__ (-0.5LLR-0.5LLR)
#define __USACCUM_MIN__ 0.0UHK
#define __FLT32_MIN__ 1.1754943508222875e-38F32
#define __ATOMIC_SEQ_CST 5
#define __DA_FBIT__ 31
#define __UINT32_TYPE__ long unsigned int
#define __FLT32X_MIN_10_EXP__ (-307)
#define __ARM_ARCH_EXT_IDIV__ 1
#define __UINTPTR_TYPE__ unsigned int
#define __USA_IBIT__ 16
#define __ARM_EABI__ 1
#define __LDBL_MIN_10_EXP__ (-307)
#define __SIZEOF_LONG_LONG__ 8
#define __ULACCUM_EPSILON__ 0x1P-32ULK
#define __SACCUM_IBIT__ 8
#define __GCC_ATOMIC_LLONG_LOCK_FREE 1
#define __FLT_DECIMAL_DIG__ 9
#define __UINT_FAST16_MAX__ 0xffffffffU
#define __LDBL_NORM_MAX__ 1.7976931348623157e+308L
#define __GCC_ATOMIC_SHORT_LOCK_FREE 2
#define __ULLFRACT_MAX__ 0XFFFFFFFFFFFFFFFFP-64ULLR
#define __UINT_FAST8_TYPE__ unsigned int
#define __USFRACT_EPSILON__ 0x1P-8UHR
#define __ULACCUM_FBIT__ 32
#define __ATOMIC_RELEASE 3

find program=['ar'] paths=['/usr/local/sbin', '/usr/local/bin', '/usr/sbin', '/usr/bin', '/sbin', '/bin', '/usr/games', '/usr/local/games', '/snap/bin'] var='AR' -> ['arm-none-eabi-ar']
arm-none-eabi-gcc -mcpu=cortex-m7 -mfpu=fpv5-sp-d16 -mfloat-abi=hard
----------------------------------------
Checking for endianness
==>

short int ascii_mm[] = { 0x4249, 0x4765, 0x6E44, 0x6961, 0x6E53, 0x7953, 0 };
short int ascii_ii[] = { 0x694C, 0x5454, 0x656C, 0x6E45, 0x6944, 0x6E61, 0 };
int use_ascii (int i) {
	return ascii_mm[i] + ascii_ii[i];
}
short int ebcdic_ii[] = { 0x89D3, 0xE3E3, 0x8593, 0x95C5, 0x89C4, 0x9581, 0 };
short int ebcdic_mm[] = { 0xC2C9, 0xC785, 0x95C4, 0x8981, 0x95E2, 0xA8E2, 0 };
int use_ebcdic (int i) {
	return ebcdic_mm[i] + ebcdic_ii[i];
}
extern int foo;

<==
[1/2] Compiling [32mbuild/.conf_check_7497c5620f03feadb3d79f4705d343d2/test.c[0m

['arm-none-eabi-gcc', '-mcpu=cortex-m7', '-mfpu=fpv5-sp-d16', '-mfloat-abi=hard', '-std=gnu99', '-g', '-Os', '-Wall', '-Wextra', '-Wshadow', '-Wcast-align', '-Wwrite-strings', '-Wno-unused-parameter', '-Werror', '-DGIT_REV="1.6.4-0-g9391fc1"', '-DCSP_FREERTOS=1', '-DCSP_DEBUG=1', '-DCSP_DEBUG_TIMESTAMP=0', '-DCSP_USE_RDP=0', '-DCSP_USE_RDP_FAST_CLOSE=0', '-DCSP_USE_CRC32=0', '-DCSP_USE_HMAC=0', '-DCSP_USE_XTEA=0', '-DCSP_USE_PROMISC=0', '-DCSP_USE_QOS=0', '-DCSP_USE_DEDUP=0', '-DCSP_USE_EXTERNAL_DEBUG=0', '-DCSP_LOG_LEVEL_DEBUG=1', '-DCSP_LOG_LEVEL_INFO=1', '-DCSP_LOG_LEVEL_WARN=1', '-DCSP_LOG_LEVEL_ERROR=1', '../test.c', '-c', '-o/home/caxaho/Documents/libcsp/build/.conf_check_7497c5620f03feadb3d79f4705d343d2/testbuild/test.c.1.o']
[2/2] Processing [35mbuild/.conf_check_7497c5620f03feadb3d79f4705d343d2/testbuild/test.c.1.o[0m

little
