ARM GAS  C:\Users\XAVIER~1\AppData\Local\Temp\ccCZFZSo.s 			page 1


   1              		.cpu cortex-m7
   2              		.eabi_attribute 27, 1
   3              		.eabi_attribute 28, 1
   4              		.eabi_attribute 20, 1
   5              		.eabi_attribute 21, 1
   6              		.eabi_attribute 23, 3
   7              		.eabi_attribute 24, 1
   8              		.eabi_attribute 25, 1
   9              		.eabi_attribute 26, 1
  10              		.eabi_attribute 30, 1
  11              		.eabi_attribute 34, 1
  12              		.eabi_attribute 18, 4
  13              		.file	"can_stm32.c"
  14              		.text
  15              	.Ltext0:
  16              		.cfi_sections	.debug_frame
  17              		.section	.text.csp_can_tx_frame,"ax",%progbits
  18              		.align	1
  19              		.arch armv7e-m
  20              		.syntax unified
  21              		.thumb
  22              		.thumb_func
  23              		.fpu fpv5-sp-d16
  25              	csp_can_tx_frame:
  26              	.LVL0:
  27              	.LFB155:
  28              		.file 1 "Drivers/CAN/src/can_stm32.c"
   1:Drivers/CAN/src/can_stm32.c **** /*
   2:Drivers/CAN/src/can_stm32.c ****  * can_stm32.c
   3:Drivers/CAN/src/can_stm32.c ****  *
   4:Drivers/CAN/src/can_stm32.c ****  *  Created on: 20 Apr 2023
   5:Drivers/CAN/src/can_stm32.c ****  *      Author: Xavier Hoyle
   6:Drivers/CAN/src/can_stm32.c ****  */
   7:Drivers/CAN/src/can_stm32.c **** 
   8:Drivers/CAN/src/can_stm32.c **** #include "can_stm32.h"
   9:Drivers/CAN/src/can_stm32.c **** //#include "csp.h"
  10:Drivers/CAN/src/can_stm32.c **** #include <csp/csp.h>
  11:Drivers/CAN/src/can_stm32.c **** //#include "csp_thread.h"
  12:Drivers/CAN/src/can_stm32.c **** #include <csp/arch/csp_thread.h>
  13:Drivers/CAN/src/can_stm32.c **** #include <stdlib.h>
  14:Drivers/CAN/src/can_stm32.c **** 
  15:Drivers/CAN/src/can_stm32.c **** // CAN interface data, state, etc.
  16:Drivers/CAN/src/can_stm32.c **** typedef struct {
  17:Drivers/CAN/src/can_stm32.c **** 	char name[CSP_IFLIST_NAME_MAX + 1];
  18:Drivers/CAN/src/can_stm32.c **** 	csp_iface_t iface;
  19:Drivers/CAN/src/can_stm32.c **** 	csp_can_interface_data_t ifdata;
  20:Drivers/CAN/src/can_stm32.c **** 	pthread_t rx_thread;
  21:Drivers/CAN/src/can_stm32.c **** } can_context_t;
  22:Drivers/CAN/src/can_stm32.c **** 
  23:Drivers/CAN/src/can_stm32.c **** static int csp_can_tx_frame(void *driver_data, uint32_t id, const uint8_t *data, uint8_t dlc) {
  29              		.loc 1 23 95 view -0
  30              		.cfi_startproc
  31              		@ args = 0, pretend = 0, frame = 32
  32              		@ frame_needed = 0, uses_anonymous_args = 0
  24:Drivers/CAN/src/can_stm32.c **** 	if (dlc > 8) {
  33              		.loc 1 24 2 view .LVU1
  34              		.loc 1 24 5 is_stmt 0 view .LVU2
ARM GAS  C:\Users\XAVIER~1\AppData\Local\Temp\ccCZFZSo.s 			page 2


  35 0000 082B     		cmp	r3, #8
  36 0002 10D8     		bhi	.L3
  23:Drivers/CAN/src/can_stm32.c **** 	if (dlc > 8) {
  37              		.loc 1 23 95 view .LVU3
  38 0004 10B5     		push	{r4, lr}
  39              	.LCFI0:
  40              		.cfi_def_cfa_offset 8
  41              		.cfi_offset 4, -8
  42              		.cfi_offset 14, -4
  43 0006 88B0     		sub	sp, sp, #32
  44              	.LCFI1:
  45              		.cfi_def_cfa_offset 40
  25:Drivers/CAN/src/can_stm32.c **** 		return CSP_ERR_INVAL;
  26:Drivers/CAN/src/can_stm32.c **** 	}
  27:Drivers/CAN/src/can_stm32.c **** 
  28:Drivers/CAN/src/can_stm32.c **** 	CAN_TxHeaderTypeDef txHeader;
  46              		.loc 1 28 2 is_stmt 1 view .LVU4
  29:Drivers/CAN/src/can_stm32.c **** 	txHeader.DLC = dlc;
  47              		.loc 1 29 2 view .LVU5
  48              		.loc 1 29 15 is_stmt 0 view .LVU6
  49 0008 0693     		str	r3, [sp, #24]
  30:Drivers/CAN/src/can_stm32.c **** 	txHeader.IDE = CAN_ID_EXT;
  50              		.loc 1 30 2 is_stmt 1 view .LVU7
  51              		.loc 1 30 15 is_stmt 0 view .LVU8
  52 000a 0423     		movs	r3, #4
  53              	.LVL1:
  54              		.loc 1 30 15 view .LVU9
  55 000c 0493     		str	r3, [sp, #16]
  31:Drivers/CAN/src/can_stm32.c **** 	txHeader.RTR = CAN_RTR_DATA;
  56              		.loc 1 31 2 is_stmt 1 view .LVU10
  57              		.loc 1 31 15 is_stmt 0 view .LVU11
  58 000e 0024     		movs	r4, #0
  59 0010 0594     		str	r4, [sp, #20]
  32:Drivers/CAN/src/can_stm32.c **** 	txHeader.ExtId = id;
  60              		.loc 1 32 2 is_stmt 1 view .LVU12
  61              		.loc 1 32 17 is_stmt 0 view .LVU13
  62 0012 0391     		str	r1, [sp, #12]
  33:Drivers/CAN/src/can_stm32.c **** 	txHeader.TransmitGlobalTime = DISABLE;
  63              		.loc 1 33 2 is_stmt 1 view .LVU14
  64              		.loc 1 33 30 is_stmt 0 view .LVU15
  65 0014 8DF81C40 		strb	r4, [sp, #28]
  34:Drivers/CAN/src/can_stm32.c **** 
  35:Drivers/CAN/src/can_stm32.c **** 
  36:Drivers/CAN/src/can_stm32.c **** 	uint32_t canMailBox;
  66              		.loc 1 36 2 is_stmt 1 view .LVU16
  37:Drivers/CAN/src/can_stm32.c **** 	HAL_CAN_AddTxMessage((CAN_HandleTypeDef *)driver_data, &txHeader, data, &canMailBox);
  67              		.loc 1 37 2 view .LVU17
  68 0018 6B44     		add	r3, sp, r3
  69 001a 02A9     		add	r1, sp, #8
  70              	.LVL2:
  71              		.loc 1 37 2 is_stmt 0 view .LVU18
  72 001c FFF7FEFF 		bl	HAL_CAN_AddTxMessage
  73              	.LVL3:
  38:Drivers/CAN/src/can_stm32.c **** 
  39:Drivers/CAN/src/can_stm32.c **** 	return CSP_ERR_NONE;
  74              		.loc 1 39 2 is_stmt 1 view .LVU19
  75              		.loc 1 39 9 is_stmt 0 view .LVU20
ARM GAS  C:\Users\XAVIER~1\AppData\Local\Temp\ccCZFZSo.s 			page 3


  76 0020 2046     		mov	r0, r4
  40:Drivers/CAN/src/can_stm32.c **** }
  77              		.loc 1 40 1 view .LVU21
  78 0022 08B0     		add	sp, sp, #32
  79              	.LCFI2:
  80              		.cfi_def_cfa_offset 8
  81              		@ sp needed
  82 0024 10BD     		pop	{r4, pc}
  83              	.LVL4:
  84              	.L3:
  85              	.LCFI3:
  86              		.cfi_def_cfa_offset 0
  87              		.cfi_restore 4
  88              		.cfi_restore 14
  25:Drivers/CAN/src/can_stm32.c **** 	}
  89              		.loc 1 25 10 view .LVU22
  90 0026 6FF00100 		mvn	r0, #1
  91              	.LVL5:
  92              		.loc 1 40 1 view .LVU23
  93 002a 7047     		bx	lr
  94              		.cfi_endproc
  95              	.LFE155:
  97              		.section	.rodata.csp_can_stm32_open_and_add_interface.str1.4,"aMS",%progbits,1
  98              		.align	2
  99              	.LC0:
 100 0000 43414E00 		.ascii	"CAN\000"
 101              		.section	.text.csp_can_stm32_open_and_add_interface,"ax",%progbits
 102              		.align	1
 103              		.global	csp_can_stm32_open_and_add_interface
 104              		.syntax unified
 105              		.thumb
 106              		.thumb_func
 107              		.fpu fpv5-sp-d16
 109              	csp_can_stm32_open_and_add_interface:
 110              	.LVL6:
 111              	.LFB156:
  41:Drivers/CAN/src/can_stm32.c **** 
  42:Drivers/CAN/src/can_stm32.c **** int csp_can_stm32_open_and_add_interface(const char *ifname, csp_iface_t **return_iface) {
 112              		.loc 1 42 90 is_stmt 1 view -0
 113              		.cfi_startproc
 114              		@ args = 0, pretend = 0, frame = 0
 115              		@ frame_needed = 0, uses_anonymous_args = 0
 116              		.loc 1 42 90 is_stmt 0 view .LVU25
 117 0000 70B5     		push	{r4, r5, r6, lr}
 118              	.LCFI4:
 119              		.cfi_def_cfa_offset 16
 120              		.cfi_offset 4, -16
 121              		.cfi_offset 5, -12
 122              		.cfi_offset 6, -8
 123              		.cfi_offset 14, -4
 124 0002 0D46     		mov	r5, r1
  43:Drivers/CAN/src/can_stm32.c **** 	if (ifname == NULL) {
 125              		.loc 1 43 2 is_stmt 1 view .LVU26
 126              		.loc 1 43 5 is_stmt 0 view .LVU27
 127 0004 0646     		mov	r6, r0
 128 0006 D0B1     		cbz	r0, .L14
 129              	.L9:
ARM GAS  C:\Users\XAVIER~1\AppData\Local\Temp\ccCZFZSo.s 			page 4


 130              	.LVL7:
  44:Drivers/CAN/src/can_stm32.c **** 		ifname = CSP_IF_CAN_DEFAULT_NAME;
  45:Drivers/CAN/src/can_stm32.c **** 	}
  46:Drivers/CAN/src/can_stm32.c **** 
  47:Drivers/CAN/src/can_stm32.c **** 	can_context_t *ctx = calloc(1, sizeof(*ctx));
 131              		.loc 1 47 2 is_stmt 1 view .LVU28
 132              		.loc 1 47 23 is_stmt 0 view .LVU29
 133 0008 5821     		movs	r1, #88
 134              	.LVL8:
 135              		.loc 1 47 23 view .LVU30
 136 000a 0120     		movs	r0, #1
 137 000c FFF7FEFF 		bl	calloc
 138              	.LVL9:
  48:Drivers/CAN/src/can_stm32.c **** 	if (ctx == NULL) {
 139              		.loc 1 48 2 is_stmt 1 view .LVU31
 140              		.loc 1 48 5 is_stmt 0 view .LVU32
 141 0010 0446     		mov	r4, r0
 142 0012 B0B1     		cbz	r0, .L12
  49:Drivers/CAN/src/can_stm32.c **** 		return CSP_ERR_NOMEM;
  50:Drivers/CAN/src/can_stm32.c **** 	}
  51:Drivers/CAN/src/can_stm32.c **** 
  52:Drivers/CAN/src/can_stm32.c **** 	strncpy(ctx->name, ifname, sizeof(ctx->name) - 1);
 143              		.loc 1 52 2 is_stmt 1 view .LVU33
 144 0014 0A22     		movs	r2, #10
 145 0016 3146     		mov	r1, r6
 146 0018 FFF7FEFF 		bl	strncpy
 147              	.LVL10:
  53:Drivers/CAN/src/can_stm32.c **** 	ctx->iface.name = ctx->name;
 148              		.loc 1 53 2 view .LVU34
 149              		.loc 1 53 18 is_stmt 0 view .LVU35
 150 001c E460     		str	r4, [r4, #12]
  54:Drivers/CAN/src/can_stm32.c **** 	ctx->iface.interface_data = &ctx->ifdata;
 151              		.loc 1 54 2 is_stmt 1 view .LVU36
 152              		.loc 1 54 30 is_stmt 0 view .LVU37
 153 001e 04F14C03 		add	r3, r4, #76
 154              		.loc 1 54 28 view .LVU38
 155 0022 2361     		str	r3, [r4, #16]
  55:Drivers/CAN/src/can_stm32.c **** 	ctx->iface.driver_data = (*return_iface)->driver_data;
 156              		.loc 1 55 2 is_stmt 1 view .LVU39
 157              		.loc 1 55 28 is_stmt 0 view .LVU40
 158 0024 2B68     		ldr	r3, [r5]
 159              		.loc 1 55 42 view .LVU41
 160 0026 9B68     		ldr	r3, [r3, #8]
 161              		.loc 1 55 25 view .LVU42
 162 0028 6361     		str	r3, [r4, #20]
  56:Drivers/CAN/src/can_stm32.c **** 	ctx->ifdata.tx_func = csp_can_tx_frame;
 163              		.loc 1 56 2 is_stmt 1 view .LVU43
 164              		.loc 1 56 22 is_stmt 0 view .LVU44
 165 002a 074B     		ldr	r3, .L15
 166 002c 2365     		str	r3, [r4, #80]
  57:Drivers/CAN/src/can_stm32.c **** 
  58:Drivers/CAN/src/can_stm32.c **** 	int res = csp_can_add_interface_stm32(&ctx->iface);
 167              		.loc 1 58 2 is_stmt 1 view .LVU45
 168              		.loc 1 58 12 is_stmt 0 view .LVU46
 169 002e 0C34     		adds	r4, r4, #12
 170              	.LVL11:
 171              		.loc 1 58 12 view .LVU47
ARM GAS  C:\Users\XAVIER~1\AppData\Local\Temp\ccCZFZSo.s 			page 5


 172 0030 2046     		mov	r0, r4
 173 0032 FFF7FEFF 		bl	csp_can_add_interface_stm32
 174              	.LVL12:
  59:Drivers/CAN/src/can_stm32.c **** 	if (res != CSP_ERR_NONE) {
 175              		.loc 1 59 2 is_stmt 1 view .LVU48
 176              		.loc 1 59 5 is_stmt 0 view .LVU49
 177 0036 08B9     		cbnz	r0, .L8
  60:Drivers/CAN/src/can_stm32.c **** 		return res;
  61:Drivers/CAN/src/can_stm32.c **** 	}
  62:Drivers/CAN/src/can_stm32.c **** 
  63:Drivers/CAN/src/can_stm32.c **** 	if (return_iface) {
 178              		.loc 1 63 2 is_stmt 1 view .LVU50
 179              		.loc 1 63 5 is_stmt 0 view .LVU51
 180 0038 05B1     		cbz	r5, .L8
  64:Drivers/CAN/src/can_stm32.c **** 		*return_iface = &ctx->iface;
 181              		.loc 1 64 3 is_stmt 1 view .LVU52
 182              		.loc 1 64 17 is_stmt 0 view .LVU53
 183 003a 2C60     		str	r4, [r5]
 184              	.LVL13:
 185              	.L8:
  65:Drivers/CAN/src/can_stm32.c **** 	}
  66:Drivers/CAN/src/can_stm32.c **** 
  67:Drivers/CAN/src/can_stm32.c **** 	return CSP_ERR_NONE;
  68:Drivers/CAN/src/can_stm32.c **** }
 186              		.loc 1 68 1 view .LVU54
 187 003c 70BD     		pop	{r4, r5, r6, pc}
 188              	.LVL14:
 189              	.L14:
  44:Drivers/CAN/src/can_stm32.c **** 	}
 190              		.loc 1 44 10 view .LVU55
 191 003e 034E     		ldr	r6, .L15+4
 192 0040 E2E7     		b	.L9
 193              	.LVL15:
 194              	.L12:
  49:Drivers/CAN/src/can_stm32.c **** 	}
 195              		.loc 1 49 10 view .LVU56
 196 0042 4FF0FF30 		mov	r0, #-1
 197              	.LVL16:
  49:Drivers/CAN/src/can_stm32.c **** 	}
 198              		.loc 1 49 10 view .LVU57
 199 0046 F9E7     		b	.L8
 200              	.L16:
 201              		.align	2
 202              	.L15:
 203 0048 00000000 		.word	csp_can_tx_frame
 204 004c 00000000 		.word	.LC0
 205              		.cfi_endproc
 206              	.LFE156:
 208              		.text
 209              	.Letext0:
 210              		.file 2 "c:\\program files (x86)\\gnu arm embedded toolchain\\10 2020-q4-major\\arm-none-eabi\\inc
 211              		.file 3 "c:\\program files (x86)\\gnu arm embedded toolchain\\10 2020-q4-major\\arm-none-eabi\\inc
 212              		.file 4 "csp_build/include_csp/csp/csp_types.h"
 213              		.file 5 "csp_build/include_csp/csp/csp_interface.h"
 214              		.file 6 "csp_build/include_csp/csp/csp_rtable.h"
 215              		.file 7 "Drivers/CMSIS/Device/ST/STM32F7xx/Include/stm32f746xx.h"
 216              		.file 8 "Drivers/CMSIS/Device/ST/STM32F7xx/Include/stm32f7xx.h"
ARM GAS  C:\Users\XAVIER~1\AppData\Local\Temp\ccCZFZSo.s 			page 6


 217              		.file 9 "Drivers/STM32F7xx_HAL_Driver/Inc/stm32f7xx_hal_can.h"
 218              		.file 10 "Drivers/interfaces/include/csp_if_can_stm32.h"
 219              		.file 11 "c:\\program files (x86)\\gnu arm embedded toolchain\\10 2020-q4-major\\arm-none-eabi\\in
 220              		.file 12 "c:\\program files (x86)\\gnu arm embedded toolchain\\10 2020-q4-major\\arm-none-eabi\\in
 221              		.file 13 "c:\\program files (x86)\\gnu arm embedded toolchain\\10 2020-q4-major\\arm-none-eabi\\in
ARM GAS  C:\Users\XAVIER~1\AppData\Local\Temp\ccCZFZSo.s 			page 7


DEFINED SYMBOLS
                            *ABS*:00000000 can_stm32.c
C:\Users\XAVIER~1\AppData\Local\Temp\ccCZFZSo.s:18     .text.csp_can_tx_frame:00000000 $t
C:\Users\XAVIER~1\AppData\Local\Temp\ccCZFZSo.s:25     .text.csp_can_tx_frame:00000000 csp_can_tx_frame
C:\Users\XAVIER~1\AppData\Local\Temp\ccCZFZSo.s:98     .rodata.csp_can_stm32_open_and_add_interface.str1.4:00000000 $d
C:\Users\XAVIER~1\AppData\Local\Temp\ccCZFZSo.s:102    .text.csp_can_stm32_open_and_add_interface:00000000 $t
C:\Users\XAVIER~1\AppData\Local\Temp\ccCZFZSo.s:109    .text.csp_can_stm32_open_and_add_interface:00000000 csp_can_stm32_open_and_add_interface
C:\Users\XAVIER~1\AppData\Local\Temp\ccCZFZSo.s:203    .text.csp_can_stm32_open_and_add_interface:00000048 $d

UNDEFINED SYMBOLS
HAL_CAN_AddTxMessage
calloc
strncpy
csp_can_add_interface_stm32
