ARM GAS  C:\Users\XAVIER~1\AppData\Local\Temp\ccor22sA.s 			page 1


   1              		.cpu cortex-m7
   2              		.eabi_attribute 27, 1
   3              		.eabi_attribute 28, 1
   4              		.eabi_attribute 20, 1
   5              		.eabi_attribute 21, 1
   6              		.eabi_attribute 23, 3
   7              		.eabi_attribute 24, 1
   8              		.eabi_attribute 25, 1
   9              		.eabi_attribute 26, 1
  10              		.eabi_attribute 30, 1
  11              		.eabi_attribute 34, 1
  12              		.eabi_attribute 18, 4
  13              		.file	"stm32f7xx_hal_exti.c"
  14              		.text
  15              	.Ltext0:
  16              		.cfi_sections	.debug_frame
  17              		.section	.text.HAL_EXTI_SetConfigLine,"ax",%progbits
  18              		.align	1
  19              		.global	HAL_EXTI_SetConfigLine
  20              		.arch armv7e-m
  21              		.syntax unified
  22              		.thumb
  23              		.thumb_func
  24              		.fpu fpv5-sp-d16
  26              	HAL_EXTI_SetConfigLine:
  27              	.LVL0:
  28              	.LFB141:
  29              		.file 1 "Drivers/STM32F7xx_HAL_Driver/Src/stm32f7xx_hal_exti.c"
   1:Drivers/STM32F7xx_HAL_Driver/Src/stm32f7xx_hal_exti.c **** /**
   2:Drivers/STM32F7xx_HAL_Driver/Src/stm32f7xx_hal_exti.c ****   ******************************************************************************
   3:Drivers/STM32F7xx_HAL_Driver/Src/stm32f7xx_hal_exti.c ****   * @file    stm32F7xx_hal_exti.c
   4:Drivers/STM32F7xx_HAL_Driver/Src/stm32f7xx_hal_exti.c ****   * @author  MCD Application Team
   5:Drivers/STM32F7xx_HAL_Driver/Src/stm32f7xx_hal_exti.c ****   * @brief   EXTI HAL module driver.
   6:Drivers/STM32F7xx_HAL_Driver/Src/stm32f7xx_hal_exti.c ****   *          This file provides firmware functions to manage the following
   7:Drivers/STM32F7xx_HAL_Driver/Src/stm32f7xx_hal_exti.c ****   *          functionalities of the Extended Interrupts and events controller (EXTI) peripheral:
   8:Drivers/STM32F7xx_HAL_Driver/Src/stm32f7xx_hal_exti.c ****   *           + Initialization and de-initialization functions
   9:Drivers/STM32F7xx_HAL_Driver/Src/stm32f7xx_hal_exti.c ****   *           + IO operation functions
  10:Drivers/STM32F7xx_HAL_Driver/Src/stm32f7xx_hal_exti.c ****   *
  11:Drivers/STM32F7xx_HAL_Driver/Src/stm32f7xx_hal_exti.c ****   ******************************************************************************
  12:Drivers/STM32F7xx_HAL_Driver/Src/stm32f7xx_hal_exti.c ****   * @attention
  13:Drivers/STM32F7xx_HAL_Driver/Src/stm32f7xx_hal_exti.c ****   *
  14:Drivers/STM32F7xx_HAL_Driver/Src/stm32f7xx_hal_exti.c ****   * Copyright (c) 2018 STMicroelectronics.
  15:Drivers/STM32F7xx_HAL_Driver/Src/stm32f7xx_hal_exti.c ****   * All rights reserved.
  16:Drivers/STM32F7xx_HAL_Driver/Src/stm32f7xx_hal_exti.c ****   *
  17:Drivers/STM32F7xx_HAL_Driver/Src/stm32f7xx_hal_exti.c ****   * This software is licensed under terms that can be found in the LICENSE file
  18:Drivers/STM32F7xx_HAL_Driver/Src/stm32f7xx_hal_exti.c ****   * in the root directory of this software component.
  19:Drivers/STM32F7xx_HAL_Driver/Src/stm32f7xx_hal_exti.c ****   * If no LICENSE file comes with this software, it is provided AS-IS.
  20:Drivers/STM32F7xx_HAL_Driver/Src/stm32f7xx_hal_exti.c ****   *
  21:Drivers/STM32F7xx_HAL_Driver/Src/stm32f7xx_hal_exti.c ****   ******************************************************************************
  22:Drivers/STM32F7xx_HAL_Driver/Src/stm32f7xx_hal_exti.c ****   @verbatim
  23:Drivers/STM32F7xx_HAL_Driver/Src/stm32f7xx_hal_exti.c ****   ==============================================================================
  24:Drivers/STM32F7xx_HAL_Driver/Src/stm32f7xx_hal_exti.c ****                     ##### EXTI Peripheral features #####
  25:Drivers/STM32F7xx_HAL_Driver/Src/stm32f7xx_hal_exti.c ****   ==============================================================================
  26:Drivers/STM32F7xx_HAL_Driver/Src/stm32f7xx_hal_exti.c ****   [..]
  27:Drivers/STM32F7xx_HAL_Driver/Src/stm32f7xx_hal_exti.c ****     (+) Each Exti line can be configured within this driver.
  28:Drivers/STM32F7xx_HAL_Driver/Src/stm32f7xx_hal_exti.c **** 
  29:Drivers/STM32F7xx_HAL_Driver/Src/stm32f7xx_hal_exti.c ****     (+) Exti line can be configured in 3 different modes
ARM GAS  C:\Users\XAVIER~1\AppData\Local\Temp\ccor22sA.s 			page 2


  30:Drivers/STM32F7xx_HAL_Driver/Src/stm32f7xx_hal_exti.c ****         (++) Interrupt
  31:Drivers/STM32F7xx_HAL_Driver/Src/stm32f7xx_hal_exti.c ****         (++) Event
  32:Drivers/STM32F7xx_HAL_Driver/Src/stm32f7xx_hal_exti.c ****         (++) Both of them
  33:Drivers/STM32F7xx_HAL_Driver/Src/stm32f7xx_hal_exti.c **** 
  34:Drivers/STM32F7xx_HAL_Driver/Src/stm32f7xx_hal_exti.c ****     (+) Configurable Exti lines can be configured with 3 different triggers
  35:Drivers/STM32F7xx_HAL_Driver/Src/stm32f7xx_hal_exti.c ****         (++) Rising
  36:Drivers/STM32F7xx_HAL_Driver/Src/stm32f7xx_hal_exti.c ****         (++) Falling
  37:Drivers/STM32F7xx_HAL_Driver/Src/stm32f7xx_hal_exti.c ****         (++) Both of them
  38:Drivers/STM32F7xx_HAL_Driver/Src/stm32f7xx_hal_exti.c **** 
  39:Drivers/STM32F7xx_HAL_Driver/Src/stm32f7xx_hal_exti.c ****     (+) When set in interrupt mode, configurable Exti lines have two different
  40:Drivers/STM32F7xx_HAL_Driver/Src/stm32f7xx_hal_exti.c ****         interrupts pending registers which allow to distinguish which transition
  41:Drivers/STM32F7xx_HAL_Driver/Src/stm32f7xx_hal_exti.c ****         occurs:
  42:Drivers/STM32F7xx_HAL_Driver/Src/stm32f7xx_hal_exti.c ****         (++) Rising edge pending interrupt
  43:Drivers/STM32F7xx_HAL_Driver/Src/stm32f7xx_hal_exti.c ****         (++) Falling
  44:Drivers/STM32F7xx_HAL_Driver/Src/stm32f7xx_hal_exti.c **** 
  45:Drivers/STM32F7xx_HAL_Driver/Src/stm32f7xx_hal_exti.c ****     (+) Exti lines 0 to 15 are linked to gpio pin number 0 to 15. Gpio port can
  46:Drivers/STM32F7xx_HAL_Driver/Src/stm32f7xx_hal_exti.c ****         be selected through multiplexer.
  47:Drivers/STM32F7xx_HAL_Driver/Src/stm32f7xx_hal_exti.c **** 
  48:Drivers/STM32F7xx_HAL_Driver/Src/stm32f7xx_hal_exti.c ****                      ##### How to use this driver #####
  49:Drivers/STM32F7xx_HAL_Driver/Src/stm32f7xx_hal_exti.c ****   ==============================================================================
  50:Drivers/STM32F7xx_HAL_Driver/Src/stm32f7xx_hal_exti.c ****   [..]
  51:Drivers/STM32F7xx_HAL_Driver/Src/stm32f7xx_hal_exti.c **** 
  52:Drivers/STM32F7xx_HAL_Driver/Src/stm32f7xx_hal_exti.c ****     (#) Configure the EXTI line using HAL_EXTI_SetConfigLine().
  53:Drivers/STM32F7xx_HAL_Driver/Src/stm32f7xx_hal_exti.c ****         (++) Choose the interrupt line number by setting "Line" member from
  54:Drivers/STM32F7xx_HAL_Driver/Src/stm32f7xx_hal_exti.c ****              EXTI_ConfigTypeDef structure.
  55:Drivers/STM32F7xx_HAL_Driver/Src/stm32f7xx_hal_exti.c ****         (++) Configure the interrupt and/or event mode using "Mode" member from
  56:Drivers/STM32F7xx_HAL_Driver/Src/stm32f7xx_hal_exti.c ****              EXTI_ConfigTypeDef structure.
  57:Drivers/STM32F7xx_HAL_Driver/Src/stm32f7xx_hal_exti.c ****         (++) For configurable lines, configure rising and/or falling trigger
  58:Drivers/STM32F7xx_HAL_Driver/Src/stm32f7xx_hal_exti.c ****              "Trigger" member from EXTI_ConfigTypeDef structure.
  59:Drivers/STM32F7xx_HAL_Driver/Src/stm32f7xx_hal_exti.c ****         (++) For Exti lines linked to gpio, choose gpio port using "GPIOSel"
  60:Drivers/STM32F7xx_HAL_Driver/Src/stm32f7xx_hal_exti.c ****              member from GPIO_InitTypeDef structure.
  61:Drivers/STM32F7xx_HAL_Driver/Src/stm32f7xx_hal_exti.c **** 
  62:Drivers/STM32F7xx_HAL_Driver/Src/stm32f7xx_hal_exti.c ****     (#) Get current Exti configuration of a dedicated line using
  63:Drivers/STM32F7xx_HAL_Driver/Src/stm32f7xx_hal_exti.c ****         HAL_EXTI_GetConfigLine().
  64:Drivers/STM32F7xx_HAL_Driver/Src/stm32f7xx_hal_exti.c ****         (++) Provide exiting handle as parameter.
  65:Drivers/STM32F7xx_HAL_Driver/Src/stm32f7xx_hal_exti.c ****         (++) Provide pointer on EXTI_ConfigTypeDef structure as second parameter.
  66:Drivers/STM32F7xx_HAL_Driver/Src/stm32f7xx_hal_exti.c **** 
  67:Drivers/STM32F7xx_HAL_Driver/Src/stm32f7xx_hal_exti.c ****     (#) Clear Exti configuration of a dedicated line using HAL_EXTI_GetConfigLine().
  68:Drivers/STM32F7xx_HAL_Driver/Src/stm32f7xx_hal_exti.c ****         (++) Provide exiting handle as parameter.
  69:Drivers/STM32F7xx_HAL_Driver/Src/stm32f7xx_hal_exti.c **** 
  70:Drivers/STM32F7xx_HAL_Driver/Src/stm32f7xx_hal_exti.c ****     (#) Register callback to treat Exti interrupts using HAL_EXTI_RegisterCallback().
  71:Drivers/STM32F7xx_HAL_Driver/Src/stm32f7xx_hal_exti.c ****         (++) Provide exiting handle as first parameter.
  72:Drivers/STM32F7xx_HAL_Driver/Src/stm32f7xx_hal_exti.c ****         (++) Provide which callback will be registered using one value from
  73:Drivers/STM32F7xx_HAL_Driver/Src/stm32f7xx_hal_exti.c ****              EXTI_CallbackIDTypeDef.
  74:Drivers/STM32F7xx_HAL_Driver/Src/stm32f7xx_hal_exti.c ****         (++) Provide callback function pointer.
  75:Drivers/STM32F7xx_HAL_Driver/Src/stm32f7xx_hal_exti.c **** 
  76:Drivers/STM32F7xx_HAL_Driver/Src/stm32f7xx_hal_exti.c ****     (#) Get interrupt pending bit using HAL_EXTI_GetPending().
  77:Drivers/STM32F7xx_HAL_Driver/Src/stm32f7xx_hal_exti.c **** 
  78:Drivers/STM32F7xx_HAL_Driver/Src/stm32f7xx_hal_exti.c ****     (#) Clear interrupt pending bit using HAL_EXTI_GetPending().
  79:Drivers/STM32F7xx_HAL_Driver/Src/stm32f7xx_hal_exti.c **** 
  80:Drivers/STM32F7xx_HAL_Driver/Src/stm32f7xx_hal_exti.c ****     (#) Generate software interrupt using HAL_EXTI_GenerateSWI().
  81:Drivers/STM32F7xx_HAL_Driver/Src/stm32f7xx_hal_exti.c **** 
  82:Drivers/STM32F7xx_HAL_Driver/Src/stm32f7xx_hal_exti.c ****   @endverbatim
  83:Drivers/STM32F7xx_HAL_Driver/Src/stm32f7xx_hal_exti.c ****   */
  84:Drivers/STM32F7xx_HAL_Driver/Src/stm32f7xx_hal_exti.c **** 
  85:Drivers/STM32F7xx_HAL_Driver/Src/stm32f7xx_hal_exti.c **** /* Includes ------------------------------------------------------------------*/
  86:Drivers/STM32F7xx_HAL_Driver/Src/stm32f7xx_hal_exti.c **** #include "stm32f7xx_hal.h"
ARM GAS  C:\Users\XAVIER~1\AppData\Local\Temp\ccor22sA.s 			page 3


  87:Drivers/STM32F7xx_HAL_Driver/Src/stm32f7xx_hal_exti.c **** 
  88:Drivers/STM32F7xx_HAL_Driver/Src/stm32f7xx_hal_exti.c **** /** @addtogroup STM32F7xx_HAL_Driver
  89:Drivers/STM32F7xx_HAL_Driver/Src/stm32f7xx_hal_exti.c ****   * @{
  90:Drivers/STM32F7xx_HAL_Driver/Src/stm32f7xx_hal_exti.c ****   */
  91:Drivers/STM32F7xx_HAL_Driver/Src/stm32f7xx_hal_exti.c **** 
  92:Drivers/STM32F7xx_HAL_Driver/Src/stm32f7xx_hal_exti.c **** /** @addtogroup EXTI
  93:Drivers/STM32F7xx_HAL_Driver/Src/stm32f7xx_hal_exti.c ****   * @{
  94:Drivers/STM32F7xx_HAL_Driver/Src/stm32f7xx_hal_exti.c ****   */
  95:Drivers/STM32F7xx_HAL_Driver/Src/stm32f7xx_hal_exti.c **** /** MISRA C:2012 deviation rule has been granted for following rule:
  96:Drivers/STM32F7xx_HAL_Driver/Src/stm32f7xx_hal_exti.c ****   * Rule-18.1_b - Medium: Array `EXTICR' 1st subscript interval [0,7] may be out
  97:Drivers/STM32F7xx_HAL_Driver/Src/stm32f7xx_hal_exti.c ****   * of bounds [0,3] in following API :
  98:Drivers/STM32F7xx_HAL_Driver/Src/stm32f7xx_hal_exti.c ****   * HAL_EXTI_SetConfigLine
  99:Drivers/STM32F7xx_HAL_Driver/Src/stm32f7xx_hal_exti.c ****   * HAL_EXTI_GetConfigLine
 100:Drivers/STM32F7xx_HAL_Driver/Src/stm32f7xx_hal_exti.c ****   * HAL_EXTI_ClearConfigLine
 101:Drivers/STM32F7xx_HAL_Driver/Src/stm32f7xx_hal_exti.c ****   */
 102:Drivers/STM32F7xx_HAL_Driver/Src/stm32f7xx_hal_exti.c **** 
 103:Drivers/STM32F7xx_HAL_Driver/Src/stm32f7xx_hal_exti.c **** #ifdef HAL_EXTI_MODULE_ENABLED
 104:Drivers/STM32F7xx_HAL_Driver/Src/stm32f7xx_hal_exti.c **** 
 105:Drivers/STM32F7xx_HAL_Driver/Src/stm32f7xx_hal_exti.c **** /* Private typedef -----------------------------------------------------------*/
 106:Drivers/STM32F7xx_HAL_Driver/Src/stm32f7xx_hal_exti.c **** /* Private defines -----------------------------------------------------------*/
 107:Drivers/STM32F7xx_HAL_Driver/Src/stm32f7xx_hal_exti.c **** /** @defgroup EXTI_Private_Constants EXTI Private Constants
 108:Drivers/STM32F7xx_HAL_Driver/Src/stm32f7xx_hal_exti.c ****   * @{
 109:Drivers/STM32F7xx_HAL_Driver/Src/stm32f7xx_hal_exti.c ****   */
 110:Drivers/STM32F7xx_HAL_Driver/Src/stm32f7xx_hal_exti.c **** 
 111:Drivers/STM32F7xx_HAL_Driver/Src/stm32f7xx_hal_exti.c **** /**
 112:Drivers/STM32F7xx_HAL_Driver/Src/stm32f7xx_hal_exti.c ****   * @}
 113:Drivers/STM32F7xx_HAL_Driver/Src/stm32f7xx_hal_exti.c ****   */
 114:Drivers/STM32F7xx_HAL_Driver/Src/stm32f7xx_hal_exti.c **** 
 115:Drivers/STM32F7xx_HAL_Driver/Src/stm32f7xx_hal_exti.c **** /* Private macros ------------------------------------------------------------*/
 116:Drivers/STM32F7xx_HAL_Driver/Src/stm32f7xx_hal_exti.c **** /* Private variables ---------------------------------------------------------*/
 117:Drivers/STM32F7xx_HAL_Driver/Src/stm32f7xx_hal_exti.c **** /* Private function prototypes -----------------------------------------------*/
 118:Drivers/STM32F7xx_HAL_Driver/Src/stm32f7xx_hal_exti.c **** /* Exported functions --------------------------------------------------------*/
 119:Drivers/STM32F7xx_HAL_Driver/Src/stm32f7xx_hal_exti.c **** 
 120:Drivers/STM32F7xx_HAL_Driver/Src/stm32f7xx_hal_exti.c **** /** @addtogroup EXTI_Exported_Functions
 121:Drivers/STM32F7xx_HAL_Driver/Src/stm32f7xx_hal_exti.c ****   * @{
 122:Drivers/STM32F7xx_HAL_Driver/Src/stm32f7xx_hal_exti.c ****   */
 123:Drivers/STM32F7xx_HAL_Driver/Src/stm32f7xx_hal_exti.c **** 
 124:Drivers/STM32F7xx_HAL_Driver/Src/stm32f7xx_hal_exti.c **** /** @addtogroup EXTI_Exported_Functions_Group1
 125:Drivers/STM32F7xx_HAL_Driver/Src/stm32f7xx_hal_exti.c ****   *  @brief    Configuration functions
 126:Drivers/STM32F7xx_HAL_Driver/Src/stm32f7xx_hal_exti.c ****   *
 127:Drivers/STM32F7xx_HAL_Driver/Src/stm32f7xx_hal_exti.c **** @verbatim
 128:Drivers/STM32F7xx_HAL_Driver/Src/stm32f7xx_hal_exti.c ****  ===============================================================================
 129:Drivers/STM32F7xx_HAL_Driver/Src/stm32f7xx_hal_exti.c ****               ##### Configuration functions #####
 130:Drivers/STM32F7xx_HAL_Driver/Src/stm32f7xx_hal_exti.c ****  ===============================================================================
 131:Drivers/STM32F7xx_HAL_Driver/Src/stm32f7xx_hal_exti.c **** 
 132:Drivers/STM32F7xx_HAL_Driver/Src/stm32f7xx_hal_exti.c **** @endverbatim
 133:Drivers/STM32F7xx_HAL_Driver/Src/stm32f7xx_hal_exti.c ****   * @{
 134:Drivers/STM32F7xx_HAL_Driver/Src/stm32f7xx_hal_exti.c ****   */
 135:Drivers/STM32F7xx_HAL_Driver/Src/stm32f7xx_hal_exti.c **** 
 136:Drivers/STM32F7xx_HAL_Driver/Src/stm32f7xx_hal_exti.c **** /**
 137:Drivers/STM32F7xx_HAL_Driver/Src/stm32f7xx_hal_exti.c ****   * @brief  Set configuration of a dedicated Exti line.
 138:Drivers/STM32F7xx_HAL_Driver/Src/stm32f7xx_hal_exti.c ****   * @param  hexti Exti handle.
 139:Drivers/STM32F7xx_HAL_Driver/Src/stm32f7xx_hal_exti.c ****   * @param  pExtiConfig Pointer on EXTI configuration to be set.
 140:Drivers/STM32F7xx_HAL_Driver/Src/stm32f7xx_hal_exti.c ****   * @retval HAL Status.
 141:Drivers/STM32F7xx_HAL_Driver/Src/stm32f7xx_hal_exti.c ****   */
 142:Drivers/STM32F7xx_HAL_Driver/Src/stm32f7xx_hal_exti.c **** HAL_StatusTypeDef HAL_EXTI_SetConfigLine(EXTI_HandleTypeDef *hexti, EXTI_ConfigTypeDef *pExtiConfig
 143:Drivers/STM32F7xx_HAL_Driver/Src/stm32f7xx_hal_exti.c **** {
ARM GAS  C:\Users\XAVIER~1\AppData\Local\Temp\ccor22sA.s 			page 4


  30              		.loc 1 143 1 view -0
  31              		.cfi_startproc
  32              		@ args = 0, pretend = 0, frame = 0
  33              		@ frame_needed = 0, uses_anonymous_args = 0
  34              		@ link register save eliminated.
 144:Drivers/STM32F7xx_HAL_Driver/Src/stm32f7xx_hal_exti.c ****   uint32_t regval;
  35              		.loc 1 144 3 view .LVU1
 145:Drivers/STM32F7xx_HAL_Driver/Src/stm32f7xx_hal_exti.c ****   uint32_t linepos;
  36              		.loc 1 145 3 view .LVU2
 146:Drivers/STM32F7xx_HAL_Driver/Src/stm32f7xx_hal_exti.c ****   uint32_t maskline;
  37              		.loc 1 146 3 view .LVU3
 147:Drivers/STM32F7xx_HAL_Driver/Src/stm32f7xx_hal_exti.c **** 
 148:Drivers/STM32F7xx_HAL_Driver/Src/stm32f7xx_hal_exti.c ****   /* Check null pointer */
 149:Drivers/STM32F7xx_HAL_Driver/Src/stm32f7xx_hal_exti.c ****   if ((hexti == NULL) || (pExtiConfig == NULL))
  38              		.loc 1 149 3 view .LVU4
  39              		.loc 1 149 6 is_stmt 0 view .LVU5
  40 0000 0029     		cmp	r1, #0
  41 0002 18BF     		it	ne
  42 0004 0028     		cmpne	r0, #0
  43 0006 5FD0     		beq	.L11
 143:Drivers/STM32F7xx_HAL_Driver/Src/stm32f7xx_hal_exti.c ****   uint32_t regval;
  44              		.loc 1 143 1 view .LVU6
  45 0008 70B4     		push	{r4, r5, r6}
  46              	.LCFI0:
  47              		.cfi_def_cfa_offset 12
  48              		.cfi_offset 4, -12
  49              		.cfi_offset 5, -8
  50              		.cfi_offset 6, -4
  51 000a 0B46     		mov	r3, r1
 150:Drivers/STM32F7xx_HAL_Driver/Src/stm32f7xx_hal_exti.c ****   {
 151:Drivers/STM32F7xx_HAL_Driver/Src/stm32f7xx_hal_exti.c ****     return HAL_ERROR;
 152:Drivers/STM32F7xx_HAL_Driver/Src/stm32f7xx_hal_exti.c ****   }
 153:Drivers/STM32F7xx_HAL_Driver/Src/stm32f7xx_hal_exti.c **** 
 154:Drivers/STM32F7xx_HAL_Driver/Src/stm32f7xx_hal_exti.c ****   /* Check parameters */
 155:Drivers/STM32F7xx_HAL_Driver/Src/stm32f7xx_hal_exti.c ****   assert_param(IS_EXTI_LINE(pExtiConfig->Line));
  52              		.loc 1 155 3 is_stmt 1 view .LVU7
 156:Drivers/STM32F7xx_HAL_Driver/Src/stm32f7xx_hal_exti.c ****   assert_param(IS_EXTI_MODE(pExtiConfig->Mode));
  53              		.loc 1 156 3 view .LVU8
 157:Drivers/STM32F7xx_HAL_Driver/Src/stm32f7xx_hal_exti.c **** 
 158:Drivers/STM32F7xx_HAL_Driver/Src/stm32f7xx_hal_exti.c ****   /* Assign line number to handle */
 159:Drivers/STM32F7xx_HAL_Driver/Src/stm32f7xx_hal_exti.c ****   hexti->Line = pExtiConfig->Line;
  54              		.loc 1 159 3 view .LVU9
  55              		.loc 1 159 28 is_stmt 0 view .LVU10
  56 000c 0968     		ldr	r1, [r1]
  57              	.LVL1:
  58              		.loc 1 159 15 view .LVU11
  59 000e 0160     		str	r1, [r0]
 160:Drivers/STM32F7xx_HAL_Driver/Src/stm32f7xx_hal_exti.c **** 
 161:Drivers/STM32F7xx_HAL_Driver/Src/stm32f7xx_hal_exti.c ****   /* Compute line mask */
 162:Drivers/STM32F7xx_HAL_Driver/Src/stm32f7xx_hal_exti.c ****   linepos = (pExtiConfig->Line & EXTI_PIN_MASK);
  60              		.loc 1 162 3 is_stmt 1 view .LVU12
  61              		.loc 1 162 11 is_stmt 0 view .LVU13
  62 0010 01F01F00 		and	r0, r1, #31
  63              	.LVL2:
 163:Drivers/STM32F7xx_HAL_Driver/Src/stm32f7xx_hal_exti.c ****   maskline = (1uL << linepos);
  64              		.loc 1 163 3 is_stmt 1 view .LVU14
  65              		.loc 1 163 12 is_stmt 0 view .LVU15
ARM GAS  C:\Users\XAVIER~1\AppData\Local\Temp\ccor22sA.s 			page 5


  66 0014 0122     		movs	r2, #1
  67 0016 8240     		lsls	r2, r2, r0
  68              	.LVL3:
 164:Drivers/STM32F7xx_HAL_Driver/Src/stm32f7xx_hal_exti.c **** 
 165:Drivers/STM32F7xx_HAL_Driver/Src/stm32f7xx_hal_exti.c ****   /* Configure triggers for configurable lines */
 166:Drivers/STM32F7xx_HAL_Driver/Src/stm32f7xx_hal_exti.c ****   if ((pExtiConfig->Line & EXTI_CONFIG) != 0x00u)
  69              		.loc 1 166 3 is_stmt 1 view .LVU16
  70              		.loc 1 166 6 is_stmt 0 view .LVU17
  71 0018 11F0007F 		tst	r1, #33554432
  72 001c 15D0     		beq	.L3
 167:Drivers/STM32F7xx_HAL_Driver/Src/stm32f7xx_hal_exti.c ****   {
 168:Drivers/STM32F7xx_HAL_Driver/Src/stm32f7xx_hal_exti.c ****     assert_param(IS_EXTI_TRIGGER(pExtiConfig->Trigger));
  73              		.loc 1 168 5 is_stmt 1 view .LVU18
 169:Drivers/STM32F7xx_HAL_Driver/Src/stm32f7xx_hal_exti.c **** 
 170:Drivers/STM32F7xx_HAL_Driver/Src/stm32f7xx_hal_exti.c ****     /* Configure rising trigger */
 171:Drivers/STM32F7xx_HAL_Driver/Src/stm32f7xx_hal_exti.c ****     /* Mask or set line */
 172:Drivers/STM32F7xx_HAL_Driver/Src/stm32f7xx_hal_exti.c ****     if ((pExtiConfig->Trigger & EXTI_TRIGGER_RISING) != 0x00u)
  74              		.loc 1 172 5 view .LVU19
  75              		.loc 1 172 21 is_stmt 0 view .LVU20
  76 001e 9C68     		ldr	r4, [r3, #8]
  77              		.loc 1 172 8 view .LVU21
  78 0020 14F0010F 		tst	r4, #1
  79 0024 24D0     		beq	.L4
 173:Drivers/STM32F7xx_HAL_Driver/Src/stm32f7xx_hal_exti.c ****     {
 174:Drivers/STM32F7xx_HAL_Driver/Src/stm32f7xx_hal_exti.c ****       EXTI->RTSR |= maskline;
  80              		.loc 1 174 7 is_stmt 1 view .LVU22
  81              		.loc 1 174 18 is_stmt 0 view .LVU23
  82 0026 294D     		ldr	r5, .L17
  83 0028 AC68     		ldr	r4, [r5, #8]
  84 002a 1443     		orrs	r4, r4, r2
  85 002c AC60     		str	r4, [r5, #8]
  86              	.L5:
 175:Drivers/STM32F7xx_HAL_Driver/Src/stm32f7xx_hal_exti.c ****     }
 176:Drivers/STM32F7xx_HAL_Driver/Src/stm32f7xx_hal_exti.c ****     else
 177:Drivers/STM32F7xx_HAL_Driver/Src/stm32f7xx_hal_exti.c ****     {
 178:Drivers/STM32F7xx_HAL_Driver/Src/stm32f7xx_hal_exti.c ****       EXTI->RTSR &= ~maskline;
 179:Drivers/STM32F7xx_HAL_Driver/Src/stm32f7xx_hal_exti.c ****     }
 180:Drivers/STM32F7xx_HAL_Driver/Src/stm32f7xx_hal_exti.c **** 
 181:Drivers/STM32F7xx_HAL_Driver/Src/stm32f7xx_hal_exti.c ****     /* Configure falling trigger */
 182:Drivers/STM32F7xx_HAL_Driver/Src/stm32f7xx_hal_exti.c ****     /* Mask or set line */
 183:Drivers/STM32F7xx_HAL_Driver/Src/stm32f7xx_hal_exti.c ****     if ((pExtiConfig->Trigger & EXTI_TRIGGER_FALLING) != 0x00u)
  87              		.loc 1 183 5 is_stmt 1 view .LVU24
  88              		.loc 1 183 21 is_stmt 0 view .LVU25
  89 002e 9C68     		ldr	r4, [r3, #8]
  90              		.loc 1 183 8 view .LVU26
  91 0030 14F0020F 		tst	r4, #2
  92 0034 22D0     		beq	.L6
 184:Drivers/STM32F7xx_HAL_Driver/Src/stm32f7xx_hal_exti.c ****     {
 185:Drivers/STM32F7xx_HAL_Driver/Src/stm32f7xx_hal_exti.c ****       EXTI->FTSR |= maskline;
  93              		.loc 1 185 7 is_stmt 1 view .LVU27
  94              		.loc 1 185 18 is_stmt 0 view .LVU28
  95 0036 254D     		ldr	r5, .L17
  96 0038 EC68     		ldr	r4, [r5, #12]
  97 003a 1443     		orrs	r4, r4, r2
  98 003c EC60     		str	r4, [r5, #12]
  99              	.L7:
 186:Drivers/STM32F7xx_HAL_Driver/Src/stm32f7xx_hal_exti.c ****     }
ARM GAS  C:\Users\XAVIER~1\AppData\Local\Temp\ccor22sA.s 			page 6


 187:Drivers/STM32F7xx_HAL_Driver/Src/stm32f7xx_hal_exti.c ****     else
 188:Drivers/STM32F7xx_HAL_Driver/Src/stm32f7xx_hal_exti.c ****     {
 189:Drivers/STM32F7xx_HAL_Driver/Src/stm32f7xx_hal_exti.c ****       EXTI->FTSR &= ~maskline;
 190:Drivers/STM32F7xx_HAL_Driver/Src/stm32f7xx_hal_exti.c ****     }
 191:Drivers/STM32F7xx_HAL_Driver/Src/stm32f7xx_hal_exti.c **** 
 192:Drivers/STM32F7xx_HAL_Driver/Src/stm32f7xx_hal_exti.c **** 
 193:Drivers/STM32F7xx_HAL_Driver/Src/stm32f7xx_hal_exti.c ****     /* Configure gpio port selection in case of gpio exti line */
 194:Drivers/STM32F7xx_HAL_Driver/Src/stm32f7xx_hal_exti.c ****     if ((pExtiConfig->Line & EXTI_GPIO) == EXTI_GPIO)
 100              		.loc 1 194 5 is_stmt 1 view .LVU29
 101              		.loc 1 194 28 is_stmt 0 view .LVU30
 102 003e 1C68     		ldr	r4, [r3]
 103 0040 04F0C06C 		and	ip, r4, #100663296
 104              		.loc 1 194 8 view .LVU31
 105 0044 BCF1C06F 		cmp	ip, #100663296
 106 0048 1ED0     		beq	.L16
 107              	.LVL4:
 108              	.L3:
 195:Drivers/STM32F7xx_HAL_Driver/Src/stm32f7xx_hal_exti.c ****     {
 196:Drivers/STM32F7xx_HAL_Driver/Src/stm32f7xx_hal_exti.c ****       assert_param(IS_EXTI_GPIO_PORT(pExtiConfig->GPIOSel));
 197:Drivers/STM32F7xx_HAL_Driver/Src/stm32f7xx_hal_exti.c ****       assert_param(IS_EXTI_GPIO_PIN(linepos));
 198:Drivers/STM32F7xx_HAL_Driver/Src/stm32f7xx_hal_exti.c **** 
 199:Drivers/STM32F7xx_HAL_Driver/Src/stm32f7xx_hal_exti.c ****       regval = SYSCFG->EXTICR[linepos >> 2u];
 200:Drivers/STM32F7xx_HAL_Driver/Src/stm32f7xx_hal_exti.c ****       regval &= ~(SYSCFG_EXTICR1_EXTI0 << (SYSCFG_EXTICR1_EXTI1_Pos * (linepos & 0x03u)));
 201:Drivers/STM32F7xx_HAL_Driver/Src/stm32f7xx_hal_exti.c ****       regval |= (pExtiConfig->GPIOSel << (SYSCFG_EXTICR1_EXTI1_Pos * (linepos & 0x03u)));
 202:Drivers/STM32F7xx_HAL_Driver/Src/stm32f7xx_hal_exti.c ****       SYSCFG->EXTICR[linepos >> 2u] = regval;
 203:Drivers/STM32F7xx_HAL_Driver/Src/stm32f7xx_hal_exti.c ****     }
 204:Drivers/STM32F7xx_HAL_Driver/Src/stm32f7xx_hal_exti.c ****   }
 205:Drivers/STM32F7xx_HAL_Driver/Src/stm32f7xx_hal_exti.c **** 
 206:Drivers/STM32F7xx_HAL_Driver/Src/stm32f7xx_hal_exti.c ****   /* Configure interrupt mode : read current mode */
 207:Drivers/STM32F7xx_HAL_Driver/Src/stm32f7xx_hal_exti.c ****   /* Mask or set line */
 208:Drivers/STM32F7xx_HAL_Driver/Src/stm32f7xx_hal_exti.c ****   if ((pExtiConfig->Mode & EXTI_MODE_INTERRUPT) != 0x00u)
 109              		.loc 1 208 3 is_stmt 1 view .LVU32
 110              		.loc 1 208 19 is_stmt 0 view .LVU33
 111 004a 5968     		ldr	r1, [r3, #4]
 112              		.loc 1 208 6 view .LVU34
 113 004c 11F0010F 		tst	r1, #1
 114 0050 2DD0     		beq	.L8
 209:Drivers/STM32F7xx_HAL_Driver/Src/stm32f7xx_hal_exti.c ****   {
 210:Drivers/STM32F7xx_HAL_Driver/Src/stm32f7xx_hal_exti.c ****     EXTI->IMR |= maskline;
 115              		.loc 1 210 5 is_stmt 1 view .LVU35
 116              		.loc 1 210 15 is_stmt 0 view .LVU36
 117 0052 1E48     		ldr	r0, .L17
 118 0054 0168     		ldr	r1, [r0]
 119 0056 1143     		orrs	r1, r1, r2
 120 0058 0160     		str	r1, [r0]
 121              	.L9:
 211:Drivers/STM32F7xx_HAL_Driver/Src/stm32f7xx_hal_exti.c ****   }
 212:Drivers/STM32F7xx_HAL_Driver/Src/stm32f7xx_hal_exti.c ****   else
 213:Drivers/STM32F7xx_HAL_Driver/Src/stm32f7xx_hal_exti.c ****   {
 214:Drivers/STM32F7xx_HAL_Driver/Src/stm32f7xx_hal_exti.c ****     EXTI->IMR &= ~maskline;
 215:Drivers/STM32F7xx_HAL_Driver/Src/stm32f7xx_hal_exti.c ****   }
 216:Drivers/STM32F7xx_HAL_Driver/Src/stm32f7xx_hal_exti.c **** 
 217:Drivers/STM32F7xx_HAL_Driver/Src/stm32f7xx_hal_exti.c ****   /* Configure event mode : read current mode */
 218:Drivers/STM32F7xx_HAL_Driver/Src/stm32f7xx_hal_exti.c ****   /* Mask or set line */
 219:Drivers/STM32F7xx_HAL_Driver/Src/stm32f7xx_hal_exti.c ****   if ((pExtiConfig->Mode & EXTI_MODE_EVENT) != 0x00u)
 122              		.loc 1 219 3 is_stmt 1 view .LVU37
 123              		.loc 1 219 19 is_stmt 0 view .LVU38
ARM GAS  C:\Users\XAVIER~1\AppData\Local\Temp\ccor22sA.s 			page 7


 124 005a 5B68     		ldr	r3, [r3, #4]
 125              	.LVL5:
 126              		.loc 1 219 6 view .LVU39
 127 005c 13F0020F 		tst	r3, #2
 128 0060 2BD0     		beq	.L10
 220:Drivers/STM32F7xx_HAL_Driver/Src/stm32f7xx_hal_exti.c ****   {
 221:Drivers/STM32F7xx_HAL_Driver/Src/stm32f7xx_hal_exti.c ****     EXTI->EMR |= maskline;
 129              		.loc 1 221 5 is_stmt 1 view .LVU40
 130              		.loc 1 221 15 is_stmt 0 view .LVU41
 131 0062 1A49     		ldr	r1, .L17
 132 0064 4B68     		ldr	r3, [r1, #4]
 133 0066 1A43     		orrs	r2, r2, r3
 134              	.LVL6:
 135              		.loc 1 221 15 view .LVU42
 136 0068 4A60     		str	r2, [r1, #4]
 222:Drivers/STM32F7xx_HAL_Driver/Src/stm32f7xx_hal_exti.c ****   }
 223:Drivers/STM32F7xx_HAL_Driver/Src/stm32f7xx_hal_exti.c ****   else
 224:Drivers/STM32F7xx_HAL_Driver/Src/stm32f7xx_hal_exti.c ****   {
 225:Drivers/STM32F7xx_HAL_Driver/Src/stm32f7xx_hal_exti.c ****     EXTI->EMR &= ~maskline;
 226:Drivers/STM32F7xx_HAL_Driver/Src/stm32f7xx_hal_exti.c ****   }
 227:Drivers/STM32F7xx_HAL_Driver/Src/stm32f7xx_hal_exti.c **** 
 228:Drivers/STM32F7xx_HAL_Driver/Src/stm32f7xx_hal_exti.c ****   return HAL_OK;
 137              		.loc 1 228 10 view .LVU43
 138 006a 0020     		movs	r0, #0
 139              	.L2:
 229:Drivers/STM32F7xx_HAL_Driver/Src/stm32f7xx_hal_exti.c **** }
 140              		.loc 1 229 1 view .LVU44
 141 006c 70BC     		pop	{r4, r5, r6}
 142              	.LCFI1:
 143              		.cfi_remember_state
 144              		.cfi_restore 6
 145              		.cfi_restore 5
 146              		.cfi_restore 4
 147              		.cfi_def_cfa_offset 0
 148 006e 7047     		bx	lr
 149              	.LVL7:
 150              	.L4:
 151              	.LCFI2:
 152              		.cfi_restore_state
 178:Drivers/STM32F7xx_HAL_Driver/Src/stm32f7xx_hal_exti.c ****     }
 153              		.loc 1 178 7 is_stmt 1 view .LVU45
 178:Drivers/STM32F7xx_HAL_Driver/Src/stm32f7xx_hal_exti.c ****     }
 154              		.loc 1 178 18 is_stmt 0 view .LVU46
 155 0070 164D     		ldr	r5, .L17
 156 0072 AC68     		ldr	r4, [r5, #8]
 157 0074 24EA0204 		bic	r4, r4, r2
 158 0078 AC60     		str	r4, [r5, #8]
 159 007a D8E7     		b	.L5
 160              	.L6:
 189:Drivers/STM32F7xx_HAL_Driver/Src/stm32f7xx_hal_exti.c ****     }
 161              		.loc 1 189 7 is_stmt 1 view .LVU47
 189:Drivers/STM32F7xx_HAL_Driver/Src/stm32f7xx_hal_exti.c ****     }
 162              		.loc 1 189 18 is_stmt 0 view .LVU48
 163 007c 134D     		ldr	r5, .L17
 164 007e EC68     		ldr	r4, [r5, #12]
 165 0080 24EA0204 		bic	r4, r4, r2
 166 0084 EC60     		str	r4, [r5, #12]
ARM GAS  C:\Users\XAVIER~1\AppData\Local\Temp\ccor22sA.s 			page 8


 167 0086 DAE7     		b	.L7
 168              	.L16:
 196:Drivers/STM32F7xx_HAL_Driver/Src/stm32f7xx_hal_exti.c ****       assert_param(IS_EXTI_GPIO_PIN(linepos));
 169              		.loc 1 196 7 is_stmt 1 view .LVU49
 197:Drivers/STM32F7xx_HAL_Driver/Src/stm32f7xx_hal_exti.c **** 
 170              		.loc 1 197 7 view .LVU50
 199:Drivers/STM32F7xx_HAL_Driver/Src/stm32f7xx_hal_exti.c ****       regval &= ~(SYSCFG_EXTICR1_EXTI0 << (SYSCFG_EXTICR1_EXTI1_Pos * (linepos & 0x03u)));
 171              		.loc 1 199 7 view .LVU51
 199:Drivers/STM32F7xx_HAL_Driver/Src/stm32f7xx_hal_exti.c ****       regval &= ~(SYSCFG_EXTICR1_EXTI0 << (SYSCFG_EXTICR1_EXTI1_Pos * (linepos & 0x03u)));
 172              		.loc 1 199 39 is_stmt 0 view .LVU52
 173 0088 8008     		lsrs	r0, r0, #2
 174              	.LVL8:
 199:Drivers/STM32F7xx_HAL_Driver/Src/stm32f7xx_hal_exti.c ****       regval &= ~(SYSCFG_EXTICR1_EXTI0 << (SYSCFG_EXTICR1_EXTI1_Pos * (linepos & 0x03u)));
 175              		.loc 1 199 14 view .LVU53
 176 008a 114E     		ldr	r6, .L17+4
 177 008c 0230     		adds	r0, r0, #2
 178 008e 56F82040 		ldr	r4, [r6, r0, lsl #2]
 179              	.LVL9:
 200:Drivers/STM32F7xx_HAL_Driver/Src/stm32f7xx_hal_exti.c ****       regval |= (pExtiConfig->GPIOSel << (SYSCFG_EXTICR1_EXTI1_Pos * (linepos & 0x03u)));
 180              		.loc 1 200 7 is_stmt 1 view .LVU54
 200:Drivers/STM32F7xx_HAL_Driver/Src/stm32f7xx_hal_exti.c ****       regval |= (pExtiConfig->GPIOSel << (SYSCFG_EXTICR1_EXTI1_Pos * (linepos & 0x03u)));
 181              		.loc 1 200 80 is_stmt 0 view .LVU55
 182 0092 01F00301 		and	r1, r1, #3
 183              	.LVL10:
 200:Drivers/STM32F7xx_HAL_Driver/Src/stm32f7xx_hal_exti.c ****       regval |= (pExtiConfig->GPIOSel << (SYSCFG_EXTICR1_EXTI1_Pos * (linepos & 0x03u)));
 184              		.loc 1 200 69 view .LVU56
 185 0096 8900     		lsls	r1, r1, #2
 200:Drivers/STM32F7xx_HAL_Driver/Src/stm32f7xx_hal_exti.c ****       regval |= (pExtiConfig->GPIOSel << (SYSCFG_EXTICR1_EXTI1_Pos * (linepos & 0x03u)));
 186              		.loc 1 200 40 view .LVU57
 187 0098 0F25     		movs	r5, #15
 188 009a 8D40     		lsls	r5, r5, r1
 200:Drivers/STM32F7xx_HAL_Driver/Src/stm32f7xx_hal_exti.c ****       regval |= (pExtiConfig->GPIOSel << (SYSCFG_EXTICR1_EXTI1_Pos * (linepos & 0x03u)));
 189              		.loc 1 200 14 view .LVU58
 190 009c 24EA0504 		bic	r4, r4, r5
 191              	.LVL11:
 201:Drivers/STM32F7xx_HAL_Driver/Src/stm32f7xx_hal_exti.c ****       SYSCFG->EXTICR[linepos >> 2u] = regval;
 192              		.loc 1 201 7 is_stmt 1 view .LVU59
 201:Drivers/STM32F7xx_HAL_Driver/Src/stm32f7xx_hal_exti.c ****       SYSCFG->EXTICR[linepos >> 2u] = regval;
 193              		.loc 1 201 39 is_stmt 0 view .LVU60
 194 00a0 DD68     		ldr	r5, [r3, #12]
 195 00a2 05FA01F1 		lsl	r1, r5, r1
 201:Drivers/STM32F7xx_HAL_Driver/Src/stm32f7xx_hal_exti.c ****       SYSCFG->EXTICR[linepos >> 2u] = regval;
 196              		.loc 1 201 14 view .LVU61
 197 00a6 2143     		orrs	r1, r1, r4
 198              	.LVL12:
 202:Drivers/STM32F7xx_HAL_Driver/Src/stm32f7xx_hal_exti.c ****     }
 199              		.loc 1 202 7 is_stmt 1 view .LVU62
 202:Drivers/STM32F7xx_HAL_Driver/Src/stm32f7xx_hal_exti.c ****     }
 200              		.loc 1 202 37 is_stmt 0 view .LVU63
 201 00a8 46F82010 		str	r1, [r6, r0, lsl #2]
 202 00ac CDE7     		b	.L3
 203              	.LVL13:
 204              	.L8:
 214:Drivers/STM32F7xx_HAL_Driver/Src/stm32f7xx_hal_exti.c ****   }
 205              		.loc 1 214 5 is_stmt 1 view .LVU64
 214:Drivers/STM32F7xx_HAL_Driver/Src/stm32f7xx_hal_exti.c ****   }
 206              		.loc 1 214 15 is_stmt 0 view .LVU65
ARM GAS  C:\Users\XAVIER~1\AppData\Local\Temp\ccor22sA.s 			page 9


 207 00ae 0748     		ldr	r0, .L17
 208 00b0 0168     		ldr	r1, [r0]
 209 00b2 21EA0201 		bic	r1, r1, r2
 210 00b6 0160     		str	r1, [r0]
 211 00b8 CFE7     		b	.L9
 212              	.LVL14:
 213              	.L10:
 225:Drivers/STM32F7xx_HAL_Driver/Src/stm32f7xx_hal_exti.c ****   }
 214              		.loc 1 225 5 is_stmt 1 view .LVU66
 225:Drivers/STM32F7xx_HAL_Driver/Src/stm32f7xx_hal_exti.c ****   }
 215              		.loc 1 225 15 is_stmt 0 view .LVU67
 216 00ba 0449     		ldr	r1, .L17
 217 00bc 4B68     		ldr	r3, [r1, #4]
 218 00be 23EA0202 		bic	r2, r3, r2
 219              	.LVL15:
 225:Drivers/STM32F7xx_HAL_Driver/Src/stm32f7xx_hal_exti.c ****   }
 220              		.loc 1 225 15 view .LVU68
 221 00c2 4A60     		str	r2, [r1, #4]
 228:Drivers/STM32F7xx_HAL_Driver/Src/stm32f7xx_hal_exti.c **** }
 222              		.loc 1 228 10 view .LVU69
 223 00c4 0020     		movs	r0, #0
 224 00c6 D1E7     		b	.L2
 225              	.LVL16:
 226              	.L11:
 227              	.LCFI3:
 228              		.cfi_def_cfa_offset 0
 229              		.cfi_restore 4
 230              		.cfi_restore 5
 231              		.cfi_restore 6
 151:Drivers/STM32F7xx_HAL_Driver/Src/stm32f7xx_hal_exti.c ****   }
 232              		.loc 1 151 12 view .LVU70
 233 00c8 0120     		movs	r0, #1
 234              	.LVL17:
 235              		.loc 1 229 1 view .LVU71
 236 00ca 7047     		bx	lr
 237              	.L18:
 238              		.align	2
 239              	.L17:
 240 00cc 003C0140 		.word	1073822720
 241 00d0 00380140 		.word	1073821696
 242              		.cfi_endproc
 243              	.LFE141:
 245              		.section	.text.HAL_EXTI_GetConfigLine,"ax",%progbits
 246              		.align	1
 247              		.global	HAL_EXTI_GetConfigLine
 248              		.syntax unified
 249              		.thumb
 250              		.thumb_func
 251              		.fpu fpv5-sp-d16
 253              	HAL_EXTI_GetConfigLine:
 254              	.LVL18:
 255              	.LFB142:
 230:Drivers/STM32F7xx_HAL_Driver/Src/stm32f7xx_hal_exti.c **** 
 231:Drivers/STM32F7xx_HAL_Driver/Src/stm32f7xx_hal_exti.c **** /**
 232:Drivers/STM32F7xx_HAL_Driver/Src/stm32f7xx_hal_exti.c ****   * @brief  Get configuration of a dedicated Exti line.
 233:Drivers/STM32F7xx_HAL_Driver/Src/stm32f7xx_hal_exti.c ****   * @param  hexti Exti handle.
 234:Drivers/STM32F7xx_HAL_Driver/Src/stm32f7xx_hal_exti.c ****   * @param  pExtiConfig Pointer on structure to store Exti configuration.
ARM GAS  C:\Users\XAVIER~1\AppData\Local\Temp\ccor22sA.s 			page 10


 235:Drivers/STM32F7xx_HAL_Driver/Src/stm32f7xx_hal_exti.c ****   * @retval HAL Status.
 236:Drivers/STM32F7xx_HAL_Driver/Src/stm32f7xx_hal_exti.c ****   */
 237:Drivers/STM32F7xx_HAL_Driver/Src/stm32f7xx_hal_exti.c **** HAL_StatusTypeDef HAL_EXTI_GetConfigLine(EXTI_HandleTypeDef *hexti, EXTI_ConfigTypeDef *pExtiConfig
 238:Drivers/STM32F7xx_HAL_Driver/Src/stm32f7xx_hal_exti.c **** {
 256              		.loc 1 238 1 is_stmt 1 view -0
 257              		.cfi_startproc
 258              		@ args = 0, pretend = 0, frame = 0
 259              		@ frame_needed = 0, uses_anonymous_args = 0
 260              		@ link register save eliminated.
 239:Drivers/STM32F7xx_HAL_Driver/Src/stm32f7xx_hal_exti.c ****   uint32_t regval;
 261              		.loc 1 239 3 view .LVU73
 240:Drivers/STM32F7xx_HAL_Driver/Src/stm32f7xx_hal_exti.c ****   uint32_t linepos;
 262              		.loc 1 240 3 view .LVU74
 241:Drivers/STM32F7xx_HAL_Driver/Src/stm32f7xx_hal_exti.c ****   uint32_t maskline;
 263              		.loc 1 241 3 view .LVU75
 242:Drivers/STM32F7xx_HAL_Driver/Src/stm32f7xx_hal_exti.c **** 
 243:Drivers/STM32F7xx_HAL_Driver/Src/stm32f7xx_hal_exti.c ****   /* Check null pointer */
 244:Drivers/STM32F7xx_HAL_Driver/Src/stm32f7xx_hal_exti.c ****   if ((hexti == NULL) || (pExtiConfig == NULL))
 264              		.loc 1 244 3 view .LVU76
 265              		.loc 1 244 39 is_stmt 0 view .LVU77
 266 0000 0B46     		mov	r3, r1
 267              		.loc 1 244 6 view .LVU78
 268 0002 0029     		cmp	r1, #0
 269 0004 18BF     		it	ne
 270 0006 0028     		cmpne	r0, #0
 271 0008 43D0     		beq	.L26
 245:Drivers/STM32F7xx_HAL_Driver/Src/stm32f7xx_hal_exti.c ****   {
 246:Drivers/STM32F7xx_HAL_Driver/Src/stm32f7xx_hal_exti.c ****     return HAL_ERROR;
 247:Drivers/STM32F7xx_HAL_Driver/Src/stm32f7xx_hal_exti.c ****   }
 248:Drivers/STM32F7xx_HAL_Driver/Src/stm32f7xx_hal_exti.c **** 
 249:Drivers/STM32F7xx_HAL_Driver/Src/stm32f7xx_hal_exti.c ****   /* Check the parameter */
 250:Drivers/STM32F7xx_HAL_Driver/Src/stm32f7xx_hal_exti.c ****   assert_param(IS_EXTI_LINE(hexti->Line));
 272              		.loc 1 250 3 is_stmt 1 view .LVU79
 251:Drivers/STM32F7xx_HAL_Driver/Src/stm32f7xx_hal_exti.c **** 
 252:Drivers/STM32F7xx_HAL_Driver/Src/stm32f7xx_hal_exti.c ****   /* Store handle line number to configuration structure */
 253:Drivers/STM32F7xx_HAL_Driver/Src/stm32f7xx_hal_exti.c ****   pExtiConfig->Line = hexti->Line;
 273              		.loc 1 253 3 view .LVU80
 274              		.loc 1 253 28 is_stmt 0 view .LVU81
 275 000a 0068     		ldr	r0, [r0]
 276              	.LVL19:
 277              		.loc 1 253 21 view .LVU82
 278 000c 0860     		str	r0, [r1]
 254:Drivers/STM32F7xx_HAL_Driver/Src/stm32f7xx_hal_exti.c **** 
 255:Drivers/STM32F7xx_HAL_Driver/Src/stm32f7xx_hal_exti.c ****   /* Compute line mask */
 256:Drivers/STM32F7xx_HAL_Driver/Src/stm32f7xx_hal_exti.c ****   linepos = (pExtiConfig->Line & EXTI_PIN_MASK);
 279              		.loc 1 256 3 is_stmt 1 view .LVU83
 280              		.loc 1 256 11 is_stmt 0 view .LVU84
 281 000e 00F01F0C 		and	ip, r0, #31
 282              	.LVL20:
 257:Drivers/STM32F7xx_HAL_Driver/Src/stm32f7xx_hal_exti.c ****   maskline = (1uL << linepos);
 283              		.loc 1 257 3 is_stmt 1 view .LVU85
 284              		.loc 1 257 12 is_stmt 0 view .LVU86
 285 0012 0122     		movs	r2, #1
 286 0014 02FA0CF2 		lsl	r2, r2, ip
 287              	.LVL21:
 258:Drivers/STM32F7xx_HAL_Driver/Src/stm32f7xx_hal_exti.c **** 
 259:Drivers/STM32F7xx_HAL_Driver/Src/stm32f7xx_hal_exti.c ****   /* 1] Get core mode : interrupt */
ARM GAS  C:\Users\XAVIER~1\AppData\Local\Temp\ccor22sA.s 			page 11


 260:Drivers/STM32F7xx_HAL_Driver/Src/stm32f7xx_hal_exti.c **** 
 261:Drivers/STM32F7xx_HAL_Driver/Src/stm32f7xx_hal_exti.c ****   /* Check if selected line is enable */
 262:Drivers/STM32F7xx_HAL_Driver/Src/stm32f7xx_hal_exti.c ****   if ((EXTI->IMR & maskline) != 0x00u)
 288              		.loc 1 262 3 is_stmt 1 view .LVU87
 289              		.loc 1 262 12 is_stmt 0 view .LVU88
 290 0018 2049     		ldr	r1, .L30
 291              	.LVL22:
 292              		.loc 1 262 12 view .LVU89
 293 001a 0968     		ldr	r1, [r1]
 294              		.loc 1 262 6 view .LVU90
 295 001c 1142     		tst	r1, r2
 296 001e 24D0     		beq	.L21
 263:Drivers/STM32F7xx_HAL_Driver/Src/stm32f7xx_hal_exti.c ****   {
 264:Drivers/STM32F7xx_HAL_Driver/Src/stm32f7xx_hal_exti.c ****     pExtiConfig->Mode = EXTI_MODE_INTERRUPT;
 297              		.loc 1 264 5 is_stmt 1 view .LVU91
 298              		.loc 1 264 23 is_stmt 0 view .LVU92
 299 0020 0121     		movs	r1, #1
 300 0022 5960     		str	r1, [r3, #4]
 301              	.L22:
 265:Drivers/STM32F7xx_HAL_Driver/Src/stm32f7xx_hal_exti.c ****   }
 266:Drivers/STM32F7xx_HAL_Driver/Src/stm32f7xx_hal_exti.c ****   else
 267:Drivers/STM32F7xx_HAL_Driver/Src/stm32f7xx_hal_exti.c ****   {
 268:Drivers/STM32F7xx_HAL_Driver/Src/stm32f7xx_hal_exti.c ****     pExtiConfig->Mode = EXTI_MODE_NONE;
 269:Drivers/STM32F7xx_HAL_Driver/Src/stm32f7xx_hal_exti.c ****   }
 270:Drivers/STM32F7xx_HAL_Driver/Src/stm32f7xx_hal_exti.c **** 
 271:Drivers/STM32F7xx_HAL_Driver/Src/stm32f7xx_hal_exti.c ****   /* Get event mode */
 272:Drivers/STM32F7xx_HAL_Driver/Src/stm32f7xx_hal_exti.c ****   /* Check if selected line is enable */
 273:Drivers/STM32F7xx_HAL_Driver/Src/stm32f7xx_hal_exti.c ****   if ((EXTI->EMR & maskline) != 0x00u)
 302              		.loc 1 273 3 is_stmt 1 view .LVU93
 303              		.loc 1 273 12 is_stmt 0 view .LVU94
 304 0024 1D49     		ldr	r1, .L30
 305 0026 4968     		ldr	r1, [r1, #4]
 306              		.loc 1 273 6 view .LVU95
 307 0028 1142     		tst	r1, r2
 308 002a 03D0     		beq	.L23
 274:Drivers/STM32F7xx_HAL_Driver/Src/stm32f7xx_hal_exti.c ****   {
 275:Drivers/STM32F7xx_HAL_Driver/Src/stm32f7xx_hal_exti.c ****     pExtiConfig->Mode |= EXTI_MODE_EVENT;
 309              		.loc 1 275 5 is_stmt 1 view .LVU96
 310              		.loc 1 275 23 is_stmt 0 view .LVU97
 311 002c 5968     		ldr	r1, [r3, #4]
 312 002e 41F00201 		orr	r1, r1, #2
 313 0032 5960     		str	r1, [r3, #4]
 314              	.L23:
 276:Drivers/STM32F7xx_HAL_Driver/Src/stm32f7xx_hal_exti.c ****   }
 277:Drivers/STM32F7xx_HAL_Driver/Src/stm32f7xx_hal_exti.c **** 
 278:Drivers/STM32F7xx_HAL_Driver/Src/stm32f7xx_hal_exti.c ****   /* Get default Trigger and GPIOSel configuration */
 279:Drivers/STM32F7xx_HAL_Driver/Src/stm32f7xx_hal_exti.c ****   pExtiConfig->Trigger = EXTI_TRIGGER_NONE;
 315              		.loc 1 279 3 is_stmt 1 view .LVU98
 316              		.loc 1 279 24 is_stmt 0 view .LVU99
 317 0034 0021     		movs	r1, #0
 318 0036 9960     		str	r1, [r3, #8]
 280:Drivers/STM32F7xx_HAL_Driver/Src/stm32f7xx_hal_exti.c ****   pExtiConfig->GPIOSel = 0x00u;
 319              		.loc 1 280 3 is_stmt 1 view .LVU100
 320              		.loc 1 280 24 is_stmt 0 view .LVU101
 321 0038 D960     		str	r1, [r3, #12]
 281:Drivers/STM32F7xx_HAL_Driver/Src/stm32f7xx_hal_exti.c **** 
 282:Drivers/STM32F7xx_HAL_Driver/Src/stm32f7xx_hal_exti.c ****   /* 2] Get trigger for configurable lines : rising */
ARM GAS  C:\Users\XAVIER~1\AppData\Local\Temp\ccor22sA.s 			page 12


 283:Drivers/STM32F7xx_HAL_Driver/Src/stm32f7xx_hal_exti.c ****   if ((pExtiConfig->Line & EXTI_CONFIG) != 0x00u)
 322              		.loc 1 283 3 is_stmt 1 view .LVU102
 323              		.loc 1 283 6 is_stmt 0 view .LVU103
 324 003a 10F0007F 		tst	r0, #33554432
 325 003e 2AD0     		beq	.L27
 284:Drivers/STM32F7xx_HAL_Driver/Src/stm32f7xx_hal_exti.c ****   {
 285:Drivers/STM32F7xx_HAL_Driver/Src/stm32f7xx_hal_exti.c ****     /* Check if configuration of selected line is enable */
 286:Drivers/STM32F7xx_HAL_Driver/Src/stm32f7xx_hal_exti.c ****     if ((EXTI->RTSR & maskline) != 0x00u)
 326              		.loc 1 286 5 is_stmt 1 view .LVU104
 327              		.loc 1 286 14 is_stmt 0 view .LVU105
 328 0040 1649     		ldr	r1, .L30
 329 0042 8968     		ldr	r1, [r1, #8]
 330              		.loc 1 286 8 view .LVU106
 331 0044 1142     		tst	r1, r2
 332 0046 01D0     		beq	.L24
 287:Drivers/STM32F7xx_HAL_Driver/Src/stm32f7xx_hal_exti.c ****     {
 288:Drivers/STM32F7xx_HAL_Driver/Src/stm32f7xx_hal_exti.c ****       pExtiConfig->Trigger = EXTI_TRIGGER_RISING;
 333              		.loc 1 288 7 is_stmt 1 view .LVU107
 334              		.loc 1 288 28 is_stmt 0 view .LVU108
 335 0048 0121     		movs	r1, #1
 336 004a 9960     		str	r1, [r3, #8]
 337              	.L24:
 289:Drivers/STM32F7xx_HAL_Driver/Src/stm32f7xx_hal_exti.c ****     }
 290:Drivers/STM32F7xx_HAL_Driver/Src/stm32f7xx_hal_exti.c **** 
 291:Drivers/STM32F7xx_HAL_Driver/Src/stm32f7xx_hal_exti.c ****     /* Get falling configuration */
 292:Drivers/STM32F7xx_HAL_Driver/Src/stm32f7xx_hal_exti.c ****     /* Check if configuration of selected line is enable */
 293:Drivers/STM32F7xx_HAL_Driver/Src/stm32f7xx_hal_exti.c ****     if ((EXTI->FTSR & maskline) != 0x00u)
 338              		.loc 1 293 5 is_stmt 1 view .LVU109
 339              		.loc 1 293 14 is_stmt 0 view .LVU110
 340 004c 1349     		ldr	r1, .L30
 341 004e C968     		ldr	r1, [r1, #12]
 342              		.loc 1 293 8 view .LVU111
 343 0050 1142     		tst	r1, r2
 344 0052 03D0     		beq	.L25
 294:Drivers/STM32F7xx_HAL_Driver/Src/stm32f7xx_hal_exti.c ****     {
 295:Drivers/STM32F7xx_HAL_Driver/Src/stm32f7xx_hal_exti.c ****       pExtiConfig->Trigger |= EXTI_TRIGGER_FALLING;
 345              		.loc 1 295 7 is_stmt 1 view .LVU112
 346              		.loc 1 295 28 is_stmt 0 view .LVU113
 347 0054 9A68     		ldr	r2, [r3, #8]
 348              	.LVL23:
 349              		.loc 1 295 28 view .LVU114
 350 0056 42F00202 		orr	r2, r2, #2
 351 005a 9A60     		str	r2, [r3, #8]
 352              	.L25:
 296:Drivers/STM32F7xx_HAL_Driver/Src/stm32f7xx_hal_exti.c ****     }
 297:Drivers/STM32F7xx_HAL_Driver/Src/stm32f7xx_hal_exti.c **** 
 298:Drivers/STM32F7xx_HAL_Driver/Src/stm32f7xx_hal_exti.c ****     /* Get Gpio port selection for gpio lines */
 299:Drivers/STM32F7xx_HAL_Driver/Src/stm32f7xx_hal_exti.c ****     if ((pExtiConfig->Line & EXTI_GPIO) == EXTI_GPIO)
 353              		.loc 1 299 5 is_stmt 1 view .LVU115
 354              		.loc 1 299 28 is_stmt 0 view .LVU116
 355 005c 00F0C062 		and	r2, r0, #100663296
 356              		.loc 1 299 8 view .LVU117
 357 0060 B2F1C06F 		cmp	r2, #100663296
 358 0064 04D0     		beq	.L29
 300:Drivers/STM32F7xx_HAL_Driver/Src/stm32f7xx_hal_exti.c ****     {
 301:Drivers/STM32F7xx_HAL_Driver/Src/stm32f7xx_hal_exti.c ****       assert_param(IS_EXTI_GPIO_PIN(linepos));
 302:Drivers/STM32F7xx_HAL_Driver/Src/stm32f7xx_hal_exti.c **** 
ARM GAS  C:\Users\XAVIER~1\AppData\Local\Temp\ccor22sA.s 			page 13


 303:Drivers/STM32F7xx_HAL_Driver/Src/stm32f7xx_hal_exti.c ****       regval = SYSCFG->EXTICR[linepos >> 2u];
 304:Drivers/STM32F7xx_HAL_Driver/Src/stm32f7xx_hal_exti.c ****       pExtiConfig->GPIOSel = ((regval << (SYSCFG_EXTICR1_EXTI1_Pos * (3uL - (linepos & 0x03u)))) >>
 305:Drivers/STM32F7xx_HAL_Driver/Src/stm32f7xx_hal_exti.c ****     }
 306:Drivers/STM32F7xx_HAL_Driver/Src/stm32f7xx_hal_exti.c ****   }
 307:Drivers/STM32F7xx_HAL_Driver/Src/stm32f7xx_hal_exti.c **** 
 308:Drivers/STM32F7xx_HAL_Driver/Src/stm32f7xx_hal_exti.c ****   return HAL_OK;
 359              		.loc 1 308 10 view .LVU118
 360 0066 0020     		movs	r0, #0
 309:Drivers/STM32F7xx_HAL_Driver/Src/stm32f7xx_hal_exti.c **** }
 361              		.loc 1 309 1 view .LVU119
 362 0068 7047     		bx	lr
 363              	.LVL24:
 364              	.L21:
 268:Drivers/STM32F7xx_HAL_Driver/Src/stm32f7xx_hal_exti.c ****   }
 365              		.loc 1 268 5 is_stmt 1 view .LVU120
 268:Drivers/STM32F7xx_HAL_Driver/Src/stm32f7xx_hal_exti.c ****   }
 366              		.loc 1 268 23 is_stmt 0 view .LVU121
 367 006a 0021     		movs	r1, #0
 368 006c 5960     		str	r1, [r3, #4]
 369 006e D9E7     		b	.L22
 370              	.LVL25:
 371              	.L29:
 301:Drivers/STM32F7xx_HAL_Driver/Src/stm32f7xx_hal_exti.c **** 
 372              		.loc 1 301 7 is_stmt 1 view .LVU122
 303:Drivers/STM32F7xx_HAL_Driver/Src/stm32f7xx_hal_exti.c ****       pExtiConfig->GPIOSel = ((regval << (SYSCFG_EXTICR1_EXTI1_Pos * (3uL - (linepos & 0x03u)))) >>
 373              		.loc 1 303 7 view .LVU123
 303:Drivers/STM32F7xx_HAL_Driver/Src/stm32f7xx_hal_exti.c ****       pExtiConfig->GPIOSel = ((regval << (SYSCFG_EXTICR1_EXTI1_Pos * (3uL - (linepos & 0x03u)))) >>
 374              		.loc 1 303 39 is_stmt 0 view .LVU124
 375 0070 4FEA9C02 		lsr	r2, ip, #2
 303:Drivers/STM32F7xx_HAL_Driver/Src/stm32f7xx_hal_exti.c ****       pExtiConfig->GPIOSel = ((regval << (SYSCFG_EXTICR1_EXTI1_Pos * (3uL - (linepos & 0x03u)))) >>
 376              		.loc 1 303 14 view .LVU125
 377 0074 0232     		adds	r2, r2, #2
 378 0076 0A49     		ldr	r1, .L30+4
 379 0078 51F82210 		ldr	r1, [r1, r2, lsl #2]
 380              	.LVL26:
 304:Drivers/STM32F7xx_HAL_Driver/Src/stm32f7xx_hal_exti.c ****     }
 381              		.loc 1 304 7 is_stmt 1 view .LVU126
 304:Drivers/STM32F7xx_HAL_Driver/Src/stm32f7xx_hal_exti.c ****     }
 382              		.loc 1 304 75 is_stmt 0 view .LVU127
 383 007c 6FEA0C02 		mvn	r2, ip
 384 0080 02F00302 		and	r2, r2, #3
 304:Drivers/STM32F7xx_HAL_Driver/Src/stm32f7xx_hal_exti.c ****     }
 385              		.loc 1 304 68 view .LVU128
 386 0084 9200     		lsls	r2, r2, #2
 304:Drivers/STM32F7xx_HAL_Driver/Src/stm32f7xx_hal_exti.c ****     }
 387              		.loc 1 304 39 view .LVU129
 388 0086 01FA02F2 		lsl	r2, r1, r2
 304:Drivers/STM32F7xx_HAL_Driver/Src/stm32f7xx_hal_exti.c ****     }
 389              		.loc 1 304 98 view .LVU130
 390 008a 120E     		lsrs	r2, r2, #24
 304:Drivers/STM32F7xx_HAL_Driver/Src/stm32f7xx_hal_exti.c ****     }
 391              		.loc 1 304 28 view .LVU131
 392 008c DA60     		str	r2, [r3, #12]
 308:Drivers/STM32F7xx_HAL_Driver/Src/stm32f7xx_hal_exti.c **** }
 393              		.loc 1 308 10 view .LVU132
 394 008e 0020     		movs	r0, #0
 395 0090 7047     		bx	lr
ARM GAS  C:\Users\XAVIER~1\AppData\Local\Temp\ccor22sA.s 			page 14


 396              	.LVL27:
 397              	.L26:
 246:Drivers/STM32F7xx_HAL_Driver/Src/stm32f7xx_hal_exti.c ****   }
 398              		.loc 1 246 12 view .LVU133
 399 0092 0120     		movs	r0, #1
 400              	.LVL28:
 246:Drivers/STM32F7xx_HAL_Driver/Src/stm32f7xx_hal_exti.c ****   }
 401              		.loc 1 246 12 view .LVU134
 402 0094 7047     		bx	lr
 403              	.LVL29:
 404              	.L27:
 308:Drivers/STM32F7xx_HAL_Driver/Src/stm32f7xx_hal_exti.c **** }
 405              		.loc 1 308 10 view .LVU135
 406 0096 0020     		movs	r0, #0
 407 0098 7047     		bx	lr
 408              	.L31:
 409 009a 00BF     		.align	2
 410              	.L30:
 411 009c 003C0140 		.word	1073822720
 412 00a0 00380140 		.word	1073821696
 413              		.cfi_endproc
 414              	.LFE142:
 416              		.section	.text.HAL_EXTI_ClearConfigLine,"ax",%progbits
 417              		.align	1
 418              		.global	HAL_EXTI_ClearConfigLine
 419              		.syntax unified
 420              		.thumb
 421              		.thumb_func
 422              		.fpu fpv5-sp-d16
 424              	HAL_EXTI_ClearConfigLine:
 425              	.LVL30:
 426              	.LFB143:
 310:Drivers/STM32F7xx_HAL_Driver/Src/stm32f7xx_hal_exti.c **** 
 311:Drivers/STM32F7xx_HAL_Driver/Src/stm32f7xx_hal_exti.c **** /**
 312:Drivers/STM32F7xx_HAL_Driver/Src/stm32f7xx_hal_exti.c ****   * @brief  Clear whole configuration of a dedicated Exti line.
 313:Drivers/STM32F7xx_HAL_Driver/Src/stm32f7xx_hal_exti.c ****   * @param  hexti Exti handle.
 314:Drivers/STM32F7xx_HAL_Driver/Src/stm32f7xx_hal_exti.c ****   * @retval HAL Status.
 315:Drivers/STM32F7xx_HAL_Driver/Src/stm32f7xx_hal_exti.c ****   */
 316:Drivers/STM32F7xx_HAL_Driver/Src/stm32f7xx_hal_exti.c **** HAL_StatusTypeDef HAL_EXTI_ClearConfigLine(EXTI_HandleTypeDef *hexti)
 317:Drivers/STM32F7xx_HAL_Driver/Src/stm32f7xx_hal_exti.c **** {
 427              		.loc 1 317 1 is_stmt 1 view -0
 428              		.cfi_startproc
 429              		@ args = 0, pretend = 0, frame = 0
 430              		@ frame_needed = 0, uses_anonymous_args = 0
 318:Drivers/STM32F7xx_HAL_Driver/Src/stm32f7xx_hal_exti.c ****   uint32_t regval;
 431              		.loc 1 318 3 view .LVU137
 319:Drivers/STM32F7xx_HAL_Driver/Src/stm32f7xx_hal_exti.c ****   uint32_t linepos;
 432              		.loc 1 319 3 view .LVU138
 320:Drivers/STM32F7xx_HAL_Driver/Src/stm32f7xx_hal_exti.c ****   uint32_t maskline;
 433              		.loc 1 320 3 view .LVU139
 321:Drivers/STM32F7xx_HAL_Driver/Src/stm32f7xx_hal_exti.c **** 
 322:Drivers/STM32F7xx_HAL_Driver/Src/stm32f7xx_hal_exti.c ****   /* Check null pointer */
 323:Drivers/STM32F7xx_HAL_Driver/Src/stm32f7xx_hal_exti.c ****   if (hexti == NULL)
 434              		.loc 1 323 3 view .LVU140
 435              		.loc 1 323 6 is_stmt 0 view .LVU141
 436 0000 0028     		cmp	r0, #0
 437 0002 38D0     		beq	.L34
ARM GAS  C:\Users\XAVIER~1\AppData\Local\Temp\ccor22sA.s 			page 15


 317:Drivers/STM32F7xx_HAL_Driver/Src/stm32f7xx_hal_exti.c ****   uint32_t regval;
 438              		.loc 1 317 1 view .LVU142
 439 0004 10B5     		push	{r4, lr}
 440              	.LCFI4:
 441              		.cfi_def_cfa_offset 8
 442              		.cfi_offset 4, -8
 443              		.cfi_offset 14, -4
 444 0006 8446     		mov	ip, r0
 324:Drivers/STM32F7xx_HAL_Driver/Src/stm32f7xx_hal_exti.c ****   {
 325:Drivers/STM32F7xx_HAL_Driver/Src/stm32f7xx_hal_exti.c ****     return HAL_ERROR;
 326:Drivers/STM32F7xx_HAL_Driver/Src/stm32f7xx_hal_exti.c ****   }
 327:Drivers/STM32F7xx_HAL_Driver/Src/stm32f7xx_hal_exti.c **** 
 328:Drivers/STM32F7xx_HAL_Driver/Src/stm32f7xx_hal_exti.c ****   /* Check the parameter */
 329:Drivers/STM32F7xx_HAL_Driver/Src/stm32f7xx_hal_exti.c ****   assert_param(IS_EXTI_LINE(hexti->Line));
 445              		.loc 1 329 3 is_stmt 1 view .LVU143
 330:Drivers/STM32F7xx_HAL_Driver/Src/stm32f7xx_hal_exti.c **** 
 331:Drivers/STM32F7xx_HAL_Driver/Src/stm32f7xx_hal_exti.c ****   /* compute line mask */
 332:Drivers/STM32F7xx_HAL_Driver/Src/stm32f7xx_hal_exti.c ****   linepos = (hexti->Line & EXTI_PIN_MASK);
 446              		.loc 1 332 3 view .LVU144
 447              		.loc 1 332 19 is_stmt 0 view .LVU145
 448 0008 0468     		ldr	r4, [r0]
 449              		.loc 1 332 11 view .LVU146
 450 000a 04F01F00 		and	r0, r4, #31
 451              	.LVL31:
 333:Drivers/STM32F7xx_HAL_Driver/Src/stm32f7xx_hal_exti.c ****   maskline = (1uL << linepos);
 452              		.loc 1 333 3 is_stmt 1 view .LVU147
 453              		.loc 1 333 12 is_stmt 0 view .LVU148
 454 000e 0123     		movs	r3, #1
 455 0010 8340     		lsls	r3, r3, r0
 456              	.LVL32:
 334:Drivers/STM32F7xx_HAL_Driver/Src/stm32f7xx_hal_exti.c **** 
 335:Drivers/STM32F7xx_HAL_Driver/Src/stm32f7xx_hal_exti.c ****   /* 1] Clear interrupt mode */
 336:Drivers/STM32F7xx_HAL_Driver/Src/stm32f7xx_hal_exti.c ****   EXTI->IMR = (EXTI->IMR & ~maskline);
 457              		.loc 1 336 3 is_stmt 1 view .LVU149
 458              		.loc 1 336 20 is_stmt 0 view .LVU150
 459 0012 1B4A     		ldr	r2, .L42
 460 0014 1168     		ldr	r1, [r2]
 461              		.loc 1 336 28 view .LVU151
 462 0016 6FEA030E 		mvn	lr, r3
 463              		.loc 1 336 26 view .LVU152
 464 001a 21EA0301 		bic	r1, r1, r3
 465              		.loc 1 336 13 view .LVU153
 466 001e 1160     		str	r1, [r2]
 337:Drivers/STM32F7xx_HAL_Driver/Src/stm32f7xx_hal_exti.c **** 
 338:Drivers/STM32F7xx_HAL_Driver/Src/stm32f7xx_hal_exti.c ****   /* 2] Clear event mode */
 339:Drivers/STM32F7xx_HAL_Driver/Src/stm32f7xx_hal_exti.c ****   EXTI->EMR = (EXTI->EMR & ~maskline);
 467              		.loc 1 339 3 is_stmt 1 view .LVU154
 468              		.loc 1 339 20 is_stmt 0 view .LVU155
 469 0020 5168     		ldr	r1, [r2, #4]
 470              		.loc 1 339 26 view .LVU156
 471 0022 21EA0303 		bic	r3, r1, r3
 472              	.LVL33:
 473              		.loc 1 339 13 view .LVU157
 474 0026 5360     		str	r3, [r2, #4]
 340:Drivers/STM32F7xx_HAL_Driver/Src/stm32f7xx_hal_exti.c **** 
 341:Drivers/STM32F7xx_HAL_Driver/Src/stm32f7xx_hal_exti.c ****   /* 3] Clear triggers in case of configurable lines */
 342:Drivers/STM32F7xx_HAL_Driver/Src/stm32f7xx_hal_exti.c ****   if ((hexti->Line & EXTI_CONFIG) != 0x00u)
ARM GAS  C:\Users\XAVIER~1\AppData\Local\Temp\ccor22sA.s 			page 16


 475              		.loc 1 342 3 is_stmt 1 view .LVU158
 476              		.loc 1 342 13 is_stmt 0 view .LVU159
 477 0028 DCF80030 		ldr	r3, [ip]
 478              		.loc 1 342 6 view .LVU160
 479 002c 13F0007F 		tst	r3, #33554432
 480 0030 23D0     		beq	.L35
 343:Drivers/STM32F7xx_HAL_Driver/Src/stm32f7xx_hal_exti.c ****   {
 344:Drivers/STM32F7xx_HAL_Driver/Src/stm32f7xx_hal_exti.c ****     EXTI->RTSR = (EXTI->RTSR & ~maskline);
 481              		.loc 1 344 5 is_stmt 1 view .LVU161
 482              		.loc 1 344 23 is_stmt 0 view .LVU162
 483 0032 9368     		ldr	r3, [r2, #8]
 484              		.loc 1 344 30 view .LVU163
 485 0034 0EEA0303 		and	r3, lr, r3
 486              		.loc 1 344 16 view .LVU164
 487 0038 9360     		str	r3, [r2, #8]
 345:Drivers/STM32F7xx_HAL_Driver/Src/stm32f7xx_hal_exti.c ****     EXTI->FTSR = (EXTI->FTSR & ~maskline);
 488              		.loc 1 345 5 is_stmt 1 view .LVU165
 489              		.loc 1 345 23 is_stmt 0 view .LVU166
 490 003a D368     		ldr	r3, [r2, #12]
 491              		.loc 1 345 30 view .LVU167
 492 003c 0EEA0303 		and	r3, lr, r3
 493              		.loc 1 345 16 view .LVU168
 494 0040 D360     		str	r3, [r2, #12]
 346:Drivers/STM32F7xx_HAL_Driver/Src/stm32f7xx_hal_exti.c **** 
 347:Drivers/STM32F7xx_HAL_Driver/Src/stm32f7xx_hal_exti.c ****     /* Get Gpio port selection for gpio lines */
 348:Drivers/STM32F7xx_HAL_Driver/Src/stm32f7xx_hal_exti.c ****     if ((hexti->Line & EXTI_GPIO) == EXTI_GPIO)
 495              		.loc 1 348 5 is_stmt 1 view .LVU169
 496              		.loc 1 348 15 is_stmt 0 view .LVU170
 497 0042 DCF80030 		ldr	r3, [ip]
 498              		.loc 1 348 22 view .LVU171
 499 0046 03F0C063 		and	r3, r3, #100663296
 500              		.loc 1 348 8 view .LVU172
 501 004a B3F1C06F 		cmp	r3, #100663296
 502 004e 01D0     		beq	.L41
 349:Drivers/STM32F7xx_HAL_Driver/Src/stm32f7xx_hal_exti.c ****     {
 350:Drivers/STM32F7xx_HAL_Driver/Src/stm32f7xx_hal_exti.c ****       assert_param(IS_EXTI_GPIO_PIN(linepos));
 351:Drivers/STM32F7xx_HAL_Driver/Src/stm32f7xx_hal_exti.c **** 
 352:Drivers/STM32F7xx_HAL_Driver/Src/stm32f7xx_hal_exti.c ****       regval = SYSCFG->EXTICR[linepos >> 2u];
 353:Drivers/STM32F7xx_HAL_Driver/Src/stm32f7xx_hal_exti.c ****       regval &= ~(SYSCFG_EXTICR1_EXTI0 << (SYSCFG_EXTICR1_EXTI1_Pos * (linepos & 0x03u)));
 354:Drivers/STM32F7xx_HAL_Driver/Src/stm32f7xx_hal_exti.c ****       SYSCFG->EXTICR[linepos >> 2u] = regval;
 355:Drivers/STM32F7xx_HAL_Driver/Src/stm32f7xx_hal_exti.c ****     }
 356:Drivers/STM32F7xx_HAL_Driver/Src/stm32f7xx_hal_exti.c ****   }
 357:Drivers/STM32F7xx_HAL_Driver/Src/stm32f7xx_hal_exti.c **** 
 358:Drivers/STM32F7xx_HAL_Driver/Src/stm32f7xx_hal_exti.c ****   return HAL_OK;
 503              		.loc 1 358 10 view .LVU173
 504 0050 0020     		movs	r0, #0
 505              	.LVL34:
 506              		.loc 1 358 10 view .LVU174
 507 0052 13E0     		b	.L33
 508              	.LVL35:
 509              	.L41:
 350:Drivers/STM32F7xx_HAL_Driver/Src/stm32f7xx_hal_exti.c **** 
 510              		.loc 1 350 7 is_stmt 1 view .LVU175
 352:Drivers/STM32F7xx_HAL_Driver/Src/stm32f7xx_hal_exti.c ****       regval &= ~(SYSCFG_EXTICR1_EXTI0 << (SYSCFG_EXTICR1_EXTI1_Pos * (linepos & 0x03u)));
 511              		.loc 1 352 7 view .LVU176
 352:Drivers/STM32F7xx_HAL_Driver/Src/stm32f7xx_hal_exti.c ****       regval &= ~(SYSCFG_EXTICR1_EXTI0 << (SYSCFG_EXTICR1_EXTI1_Pos * (linepos & 0x03u)));
 512              		.loc 1 352 39 is_stmt 0 view .LVU177
ARM GAS  C:\Users\XAVIER~1\AppData\Local\Temp\ccor22sA.s 			page 17


 513 0054 8008     		lsrs	r0, r0, #2
 514              	.LVL36:
 352:Drivers/STM32F7xx_HAL_Driver/Src/stm32f7xx_hal_exti.c ****       regval &= ~(SYSCFG_EXTICR1_EXTI0 << (SYSCFG_EXTICR1_EXTI1_Pos * (linepos & 0x03u)));
 515              		.loc 1 352 14 view .LVU178
 516 0056 0B49     		ldr	r1, .L42+4
 517 0058 0230     		adds	r0, r0, #2
 518 005a 51F82030 		ldr	r3, [r1, r0, lsl #2]
 519              	.LVL37:
 353:Drivers/STM32F7xx_HAL_Driver/Src/stm32f7xx_hal_exti.c ****       SYSCFG->EXTICR[linepos >> 2u] = regval;
 520              		.loc 1 353 7 is_stmt 1 view .LVU179
 353:Drivers/STM32F7xx_HAL_Driver/Src/stm32f7xx_hal_exti.c ****       SYSCFG->EXTICR[linepos >> 2u] = regval;
 521              		.loc 1 353 80 is_stmt 0 view .LVU180
 522 005e 04F00304 		and	r4, r4, #3
 523              	.LVL38:
 353:Drivers/STM32F7xx_HAL_Driver/Src/stm32f7xx_hal_exti.c ****       SYSCFG->EXTICR[linepos >> 2u] = regval;
 524              		.loc 1 353 69 view .LVU181
 525 0062 A400     		lsls	r4, r4, #2
 353:Drivers/STM32F7xx_HAL_Driver/Src/stm32f7xx_hal_exti.c ****       SYSCFG->EXTICR[linepos >> 2u] = regval;
 526              		.loc 1 353 40 view .LVU182
 527 0064 0F22     		movs	r2, #15
 528 0066 02FA04F4 		lsl	r4, r2, r4
 353:Drivers/STM32F7xx_HAL_Driver/Src/stm32f7xx_hal_exti.c ****       SYSCFG->EXTICR[linepos >> 2u] = regval;
 529              		.loc 1 353 14 view .LVU183
 530 006a 23EA0404 		bic	r4, r3, r4
 531              	.LVL39:
 354:Drivers/STM32F7xx_HAL_Driver/Src/stm32f7xx_hal_exti.c ****     }
 532              		.loc 1 354 7 is_stmt 1 view .LVU184
 354:Drivers/STM32F7xx_HAL_Driver/Src/stm32f7xx_hal_exti.c ****     }
 533              		.loc 1 354 37 is_stmt 0 view .LVU185
 534 006e 41F82040 		str	r4, [r1, r0, lsl #2]
 535              		.loc 1 358 10 view .LVU186
 536 0072 0020     		movs	r0, #0
 537 0074 02E0     		b	.L33
 538              	.LVL40:
 539              	.L34:
 540              	.LCFI5:
 541              		.cfi_def_cfa_offset 0
 542              		.cfi_restore 4
 543              		.cfi_restore 14
 325:Drivers/STM32F7xx_HAL_Driver/Src/stm32f7xx_hal_exti.c ****   }
 544              		.loc 1 325 12 view .LVU187
 545 0076 0120     		movs	r0, #1
 546              	.LVL41:
 359:Drivers/STM32F7xx_HAL_Driver/Src/stm32f7xx_hal_exti.c **** }
 547              		.loc 1 359 1 view .LVU188
 548 0078 7047     		bx	lr
 549              	.LVL42:
 550              	.L35:
 551              	.LCFI6:
 552              		.cfi_def_cfa_offset 8
 553              		.cfi_offset 4, -8
 554              		.cfi_offset 14, -4
 358:Drivers/STM32F7xx_HAL_Driver/Src/stm32f7xx_hal_exti.c **** }
 555              		.loc 1 358 10 view .LVU189
 556 007a 0020     		movs	r0, #0
 557              	.LVL43:
 558              	.L33:
ARM GAS  C:\Users\XAVIER~1\AppData\Local\Temp\ccor22sA.s 			page 18


 559              		.loc 1 359 1 view .LVU190
 560 007c 10BD     		pop	{r4, pc}
 561              	.L43:
 562 007e 00BF     		.align	2
 563              	.L42:
 564 0080 003C0140 		.word	1073822720
 565 0084 00380140 		.word	1073821696
 566              		.cfi_endproc
 567              	.LFE143:
 569              		.section	.text.HAL_EXTI_RegisterCallback,"ax",%progbits
 570              		.align	1
 571              		.global	HAL_EXTI_RegisterCallback
 572              		.syntax unified
 573              		.thumb
 574              		.thumb_func
 575              		.fpu fpv5-sp-d16
 577              	HAL_EXTI_RegisterCallback:
 578              	.LVL44:
 579              	.LFB144:
 360:Drivers/STM32F7xx_HAL_Driver/Src/stm32f7xx_hal_exti.c **** 
 361:Drivers/STM32F7xx_HAL_Driver/Src/stm32f7xx_hal_exti.c **** /**
 362:Drivers/STM32F7xx_HAL_Driver/Src/stm32f7xx_hal_exti.c ****   * @brief  Register callback for a dedicated Exti line.
 363:Drivers/STM32F7xx_HAL_Driver/Src/stm32f7xx_hal_exti.c ****   * @param  hexti Exti handle.
 364:Drivers/STM32F7xx_HAL_Driver/Src/stm32f7xx_hal_exti.c ****   * @param  CallbackID User callback identifier.
 365:Drivers/STM32F7xx_HAL_Driver/Src/stm32f7xx_hal_exti.c ****   *         This parameter can be one of @arg @ref EXTI_CallbackIDTypeDef values.
 366:Drivers/STM32F7xx_HAL_Driver/Src/stm32f7xx_hal_exti.c ****   * @param  pPendingCbfn function pointer to be stored as callback.
 367:Drivers/STM32F7xx_HAL_Driver/Src/stm32f7xx_hal_exti.c ****   * @retval HAL Status.
 368:Drivers/STM32F7xx_HAL_Driver/Src/stm32f7xx_hal_exti.c ****   */
 369:Drivers/STM32F7xx_HAL_Driver/Src/stm32f7xx_hal_exti.c **** HAL_StatusTypeDef HAL_EXTI_RegisterCallback(EXTI_HandleTypeDef *hexti, EXTI_CallbackIDTypeDef Callb
 370:Drivers/STM32F7xx_HAL_Driver/Src/stm32f7xx_hal_exti.c **** {
 580              		.loc 1 370 1 is_stmt 1 view -0
 581              		.cfi_startproc
 582              		@ args = 0, pretend = 0, frame = 0
 583              		@ frame_needed = 0, uses_anonymous_args = 0
 584              		@ link register save eliminated.
 585              		.loc 1 370 1 is_stmt 0 view .LVU192
 586 0000 0346     		mov	r3, r0
 371:Drivers/STM32F7xx_HAL_Driver/Src/stm32f7xx_hal_exti.c ****   HAL_StatusTypeDef status = HAL_OK;
 587              		.loc 1 371 3 is_stmt 1 view .LVU193
 588              	.LVL45:
 372:Drivers/STM32F7xx_HAL_Driver/Src/stm32f7xx_hal_exti.c **** 
 373:Drivers/STM32F7xx_HAL_Driver/Src/stm32f7xx_hal_exti.c ****   switch (CallbackID)
 589              		.loc 1 373 3 view .LVU194
 590 0002 0846     		mov	r0, r1
 591              	.LVL46:
 592              		.loc 1 373 3 is_stmt 0 view .LVU195
 593 0004 09B9     		cbnz	r1, .L46
 374:Drivers/STM32F7xx_HAL_Driver/Src/stm32f7xx_hal_exti.c ****   {
 375:Drivers/STM32F7xx_HAL_Driver/Src/stm32f7xx_hal_exti.c ****     case  HAL_EXTI_COMMON_CB_ID:
 376:Drivers/STM32F7xx_HAL_Driver/Src/stm32f7xx_hal_exti.c ****       hexti->PendingCallback = pPendingCbfn;
 594              		.loc 1 376 7 is_stmt 1 view .LVU196
 595              		.loc 1 376 30 is_stmt 0 view .LVU197
 596 0006 5A60     		str	r2, [r3, #4]
 377:Drivers/STM32F7xx_HAL_Driver/Src/stm32f7xx_hal_exti.c ****       break;
 597              		.loc 1 377 7 is_stmt 1 view .LVU198
 598 0008 7047     		bx	lr
 599              	.L46:
ARM GAS  C:\Users\XAVIER~1\AppData\Local\Temp\ccor22sA.s 			page 19


 378:Drivers/STM32F7xx_HAL_Driver/Src/stm32f7xx_hal_exti.c **** 
 379:Drivers/STM32F7xx_HAL_Driver/Src/stm32f7xx_hal_exti.c ****     default:
 380:Drivers/STM32F7xx_HAL_Driver/Src/stm32f7xx_hal_exti.c ****       status = HAL_ERROR;
 600              		.loc 1 380 14 is_stmt 0 view .LVU199
 601 000a 0120     		movs	r0, #1
 602              	.LVL47:
 381:Drivers/STM32F7xx_HAL_Driver/Src/stm32f7xx_hal_exti.c ****       break;
 382:Drivers/STM32F7xx_HAL_Driver/Src/stm32f7xx_hal_exti.c ****   }
 383:Drivers/STM32F7xx_HAL_Driver/Src/stm32f7xx_hal_exti.c **** 
 384:Drivers/STM32F7xx_HAL_Driver/Src/stm32f7xx_hal_exti.c ****   return status;
 603              		.loc 1 384 3 is_stmt 1 view .LVU200
 385:Drivers/STM32F7xx_HAL_Driver/Src/stm32f7xx_hal_exti.c **** }
 604              		.loc 1 385 1 is_stmt 0 view .LVU201
 605 000c 7047     		bx	lr
 606              		.cfi_endproc
 607              	.LFE144:
 609              		.section	.text.HAL_EXTI_GetHandle,"ax",%progbits
 610              		.align	1
 611              		.global	HAL_EXTI_GetHandle
 612              		.syntax unified
 613              		.thumb
 614              		.thumb_func
 615              		.fpu fpv5-sp-d16
 617              	HAL_EXTI_GetHandle:
 618              	.LVL48:
 619              	.LFB145:
 386:Drivers/STM32F7xx_HAL_Driver/Src/stm32f7xx_hal_exti.c **** 
 387:Drivers/STM32F7xx_HAL_Driver/Src/stm32f7xx_hal_exti.c **** /**
 388:Drivers/STM32F7xx_HAL_Driver/Src/stm32f7xx_hal_exti.c ****   * @brief  Store line number as handle private field.
 389:Drivers/STM32F7xx_HAL_Driver/Src/stm32f7xx_hal_exti.c ****   * @param  hexti Exti handle.
 390:Drivers/STM32F7xx_HAL_Driver/Src/stm32f7xx_hal_exti.c ****   * @param  ExtiLine Exti line number.
 391:Drivers/STM32F7xx_HAL_Driver/Src/stm32f7xx_hal_exti.c ****   *         This parameter can be from 0 to @ref EXTI_LINE_NB.
 392:Drivers/STM32F7xx_HAL_Driver/Src/stm32f7xx_hal_exti.c ****   * @retval HAL Status.
 393:Drivers/STM32F7xx_HAL_Driver/Src/stm32f7xx_hal_exti.c ****   */
 394:Drivers/STM32F7xx_HAL_Driver/Src/stm32f7xx_hal_exti.c **** HAL_StatusTypeDef HAL_EXTI_GetHandle(EXTI_HandleTypeDef *hexti, uint32_t ExtiLine)
 395:Drivers/STM32F7xx_HAL_Driver/Src/stm32f7xx_hal_exti.c **** {
 620              		.loc 1 395 1 is_stmt 1 view -0
 621              		.cfi_startproc
 622              		@ args = 0, pretend = 0, frame = 0
 623              		@ frame_needed = 0, uses_anonymous_args = 0
 624              		@ link register save eliminated.
 396:Drivers/STM32F7xx_HAL_Driver/Src/stm32f7xx_hal_exti.c ****   /* Check the parameters */
 397:Drivers/STM32F7xx_HAL_Driver/Src/stm32f7xx_hal_exti.c ****   assert_param(IS_EXTI_LINE(ExtiLine));
 625              		.loc 1 397 3 view .LVU203
 398:Drivers/STM32F7xx_HAL_Driver/Src/stm32f7xx_hal_exti.c **** 
 399:Drivers/STM32F7xx_HAL_Driver/Src/stm32f7xx_hal_exti.c ****   /* Check null pointer */
 400:Drivers/STM32F7xx_HAL_Driver/Src/stm32f7xx_hal_exti.c ****   if (hexti == NULL)
 626              		.loc 1 400 3 view .LVU204
 627              		.loc 1 400 6 is_stmt 0 view .LVU205
 628 0000 10B1     		cbz	r0, .L49
 401:Drivers/STM32F7xx_HAL_Driver/Src/stm32f7xx_hal_exti.c ****   {
 402:Drivers/STM32F7xx_HAL_Driver/Src/stm32f7xx_hal_exti.c ****     return HAL_ERROR;
 403:Drivers/STM32F7xx_HAL_Driver/Src/stm32f7xx_hal_exti.c ****   }
 404:Drivers/STM32F7xx_HAL_Driver/Src/stm32f7xx_hal_exti.c ****   else
 405:Drivers/STM32F7xx_HAL_Driver/Src/stm32f7xx_hal_exti.c ****   {
 406:Drivers/STM32F7xx_HAL_Driver/Src/stm32f7xx_hal_exti.c ****     /* Store line number as handle private field */
 407:Drivers/STM32F7xx_HAL_Driver/Src/stm32f7xx_hal_exti.c ****     hexti->Line = ExtiLine;
ARM GAS  C:\Users\XAVIER~1\AppData\Local\Temp\ccor22sA.s 			page 20


 629              		.loc 1 407 5 is_stmt 1 view .LVU206
 630              		.loc 1 407 17 is_stmt 0 view .LVU207
 631 0002 0160     		str	r1, [r0]
 408:Drivers/STM32F7xx_HAL_Driver/Src/stm32f7xx_hal_exti.c **** 
 409:Drivers/STM32F7xx_HAL_Driver/Src/stm32f7xx_hal_exti.c ****     return HAL_OK;
 632              		.loc 1 409 5 is_stmt 1 view .LVU208
 633              		.loc 1 409 12 is_stmt 0 view .LVU209
 634 0004 0020     		movs	r0, #0
 635              	.LVL49:
 636              		.loc 1 409 12 view .LVU210
 637 0006 7047     		bx	lr
 638              	.LVL50:
 639              	.L49:
 402:Drivers/STM32F7xx_HAL_Driver/Src/stm32f7xx_hal_exti.c ****   }
 640              		.loc 1 402 12 view .LVU211
 641 0008 0120     		movs	r0, #1
 642              	.LVL51:
 410:Drivers/STM32F7xx_HAL_Driver/Src/stm32f7xx_hal_exti.c ****   }
 411:Drivers/STM32F7xx_HAL_Driver/Src/stm32f7xx_hal_exti.c **** }
 643              		.loc 1 411 1 view .LVU212
 644 000a 7047     		bx	lr
 645              		.cfi_endproc
 646              	.LFE145:
 648              		.section	.text.HAL_EXTI_IRQHandler,"ax",%progbits
 649              		.align	1
 650              		.global	HAL_EXTI_IRQHandler
 651              		.syntax unified
 652              		.thumb
 653              		.thumb_func
 654              		.fpu fpv5-sp-d16
 656              	HAL_EXTI_IRQHandler:
 657              	.LVL52:
 658              	.LFB146:
 412:Drivers/STM32F7xx_HAL_Driver/Src/stm32f7xx_hal_exti.c **** 
 413:Drivers/STM32F7xx_HAL_Driver/Src/stm32f7xx_hal_exti.c **** /**
 414:Drivers/STM32F7xx_HAL_Driver/Src/stm32f7xx_hal_exti.c ****   * @}
 415:Drivers/STM32F7xx_HAL_Driver/Src/stm32f7xx_hal_exti.c ****   */
 416:Drivers/STM32F7xx_HAL_Driver/Src/stm32f7xx_hal_exti.c **** 
 417:Drivers/STM32F7xx_HAL_Driver/Src/stm32f7xx_hal_exti.c **** /** @addtogroup EXTI_Exported_Functions_Group2
 418:Drivers/STM32F7xx_HAL_Driver/Src/stm32f7xx_hal_exti.c ****   *  @brief EXTI IO functions.
 419:Drivers/STM32F7xx_HAL_Driver/Src/stm32f7xx_hal_exti.c ****   *
 420:Drivers/STM32F7xx_HAL_Driver/Src/stm32f7xx_hal_exti.c **** @verbatim
 421:Drivers/STM32F7xx_HAL_Driver/Src/stm32f7xx_hal_exti.c ****  ===============================================================================
 422:Drivers/STM32F7xx_HAL_Driver/Src/stm32f7xx_hal_exti.c ****                        ##### IO operation functions #####
 423:Drivers/STM32F7xx_HAL_Driver/Src/stm32f7xx_hal_exti.c ****  ===============================================================================
 424:Drivers/STM32F7xx_HAL_Driver/Src/stm32f7xx_hal_exti.c **** 
 425:Drivers/STM32F7xx_HAL_Driver/Src/stm32f7xx_hal_exti.c **** @endverbatim
 426:Drivers/STM32F7xx_HAL_Driver/Src/stm32f7xx_hal_exti.c ****   * @{
 427:Drivers/STM32F7xx_HAL_Driver/Src/stm32f7xx_hal_exti.c ****   */
 428:Drivers/STM32F7xx_HAL_Driver/Src/stm32f7xx_hal_exti.c **** 
 429:Drivers/STM32F7xx_HAL_Driver/Src/stm32f7xx_hal_exti.c **** /**
 430:Drivers/STM32F7xx_HAL_Driver/Src/stm32f7xx_hal_exti.c ****   * @brief  Handle EXTI interrupt request.
 431:Drivers/STM32F7xx_HAL_Driver/Src/stm32f7xx_hal_exti.c ****   * @param  hexti Exti handle.
 432:Drivers/STM32F7xx_HAL_Driver/Src/stm32f7xx_hal_exti.c ****   * @retval none.
 433:Drivers/STM32F7xx_HAL_Driver/Src/stm32f7xx_hal_exti.c ****   */
 434:Drivers/STM32F7xx_HAL_Driver/Src/stm32f7xx_hal_exti.c **** void HAL_EXTI_IRQHandler(EXTI_HandleTypeDef *hexti)
 435:Drivers/STM32F7xx_HAL_Driver/Src/stm32f7xx_hal_exti.c **** {
ARM GAS  C:\Users\XAVIER~1\AppData\Local\Temp\ccor22sA.s 			page 21


 659              		.loc 1 435 1 is_stmt 1 view -0
 660              		.cfi_startproc
 661              		@ args = 0, pretend = 0, frame = 0
 662              		@ frame_needed = 0, uses_anonymous_args = 0
 663              		.loc 1 435 1 is_stmt 0 view .LVU214
 664 0000 08B5     		push	{r3, lr}
 665              	.LCFI7:
 666              		.cfi_def_cfa_offset 8
 667              		.cfi_offset 3, -8
 668              		.cfi_offset 14, -4
 436:Drivers/STM32F7xx_HAL_Driver/Src/stm32f7xx_hal_exti.c ****   uint32_t regval;
 669              		.loc 1 436 3 is_stmt 1 view .LVU215
 437:Drivers/STM32F7xx_HAL_Driver/Src/stm32f7xx_hal_exti.c ****   uint32_t maskline;
 670              		.loc 1 437 3 view .LVU216
 438:Drivers/STM32F7xx_HAL_Driver/Src/stm32f7xx_hal_exti.c **** 
 439:Drivers/STM32F7xx_HAL_Driver/Src/stm32f7xx_hal_exti.c ****   /* Compute line mask */
 440:Drivers/STM32F7xx_HAL_Driver/Src/stm32f7xx_hal_exti.c ****   maskline = (1uL << (hexti->Line & EXTI_PIN_MASK));
 671              		.loc 1 440 3 view .LVU217
 672              		.loc 1 440 28 is_stmt 0 view .LVU218
 673 0002 0368     		ldr	r3, [r0]
 674              		.loc 1 440 35 view .LVU219
 675 0004 03F01F02 		and	r2, r3, #31
 676              		.loc 1 440 12 view .LVU220
 677 0008 0123     		movs	r3, #1
 678 000a 9340     		lsls	r3, r3, r2
 679              	.LVL53:
 441:Drivers/STM32F7xx_HAL_Driver/Src/stm32f7xx_hal_exti.c **** 
 442:Drivers/STM32F7xx_HAL_Driver/Src/stm32f7xx_hal_exti.c ****   /* Get pending bit  */
 443:Drivers/STM32F7xx_HAL_Driver/Src/stm32f7xx_hal_exti.c ****   regval = (EXTI->PR & maskline);
 680              		.loc 1 443 3 is_stmt 1 view .LVU221
 681              		.loc 1 443 17 is_stmt 0 view .LVU222
 682 000c 044A     		ldr	r2, .L53
 683 000e 5269     		ldr	r2, [r2, #20]
 684              	.LVL54:
 444:Drivers/STM32F7xx_HAL_Driver/Src/stm32f7xx_hal_exti.c ****   if (regval != 0x00u)
 685              		.loc 1 444 3 is_stmt 1 view .LVU223
 686              		.loc 1 444 6 is_stmt 0 view .LVU224
 687 0010 1A42     		tst	r2, r3
 688 0012 04D0     		beq	.L50
 445:Drivers/STM32F7xx_HAL_Driver/Src/stm32f7xx_hal_exti.c ****   {
 446:Drivers/STM32F7xx_HAL_Driver/Src/stm32f7xx_hal_exti.c ****     /* Clear pending bit */
 447:Drivers/STM32F7xx_HAL_Driver/Src/stm32f7xx_hal_exti.c ****     EXTI->PR = maskline;
 689              		.loc 1 447 5 is_stmt 1 view .LVU225
 690              		.loc 1 447 14 is_stmt 0 view .LVU226
 691 0014 024A     		ldr	r2, .L53
 692              	.LVL55:
 693              		.loc 1 447 14 view .LVU227
 694 0016 5361     		str	r3, [r2, #20]
 448:Drivers/STM32F7xx_HAL_Driver/Src/stm32f7xx_hal_exti.c **** 
 449:Drivers/STM32F7xx_HAL_Driver/Src/stm32f7xx_hal_exti.c ****     /* Call callback */
 450:Drivers/STM32F7xx_HAL_Driver/Src/stm32f7xx_hal_exti.c ****     if (hexti->PendingCallback != NULL)
 695              		.loc 1 450 5 is_stmt 1 view .LVU228
 696              		.loc 1 450 14 is_stmt 0 view .LVU229
 697 0018 4368     		ldr	r3, [r0, #4]
 698              	.LVL56:
 699              		.loc 1 450 8 view .LVU230
 700 001a 03B1     		cbz	r3, .L50
ARM GAS  C:\Users\XAVIER~1\AppData\Local\Temp\ccor22sA.s 			page 22


 451:Drivers/STM32F7xx_HAL_Driver/Src/stm32f7xx_hal_exti.c ****     {
 452:Drivers/STM32F7xx_HAL_Driver/Src/stm32f7xx_hal_exti.c ****       hexti->PendingCallback();
 701              		.loc 1 452 7 is_stmt 1 view .LVU231
 702 001c 9847     		blx	r3
 703              	.LVL57:
 704              	.L50:
 453:Drivers/STM32F7xx_HAL_Driver/Src/stm32f7xx_hal_exti.c ****     }
 454:Drivers/STM32F7xx_HAL_Driver/Src/stm32f7xx_hal_exti.c ****   }
 455:Drivers/STM32F7xx_HAL_Driver/Src/stm32f7xx_hal_exti.c **** }
 705              		.loc 1 455 1 is_stmt 0 view .LVU232
 706 001e 08BD     		pop	{r3, pc}
 707              	.L54:
 708              		.align	2
 709              	.L53:
 710 0020 003C0140 		.word	1073822720
 711              		.cfi_endproc
 712              	.LFE146:
 714              		.section	.text.HAL_EXTI_GetPending,"ax",%progbits
 715              		.align	1
 716              		.global	HAL_EXTI_GetPending
 717              		.syntax unified
 718              		.thumb
 719              		.thumb_func
 720              		.fpu fpv5-sp-d16
 722              	HAL_EXTI_GetPending:
 723              	.LVL58:
 724              	.LFB147:
 456:Drivers/STM32F7xx_HAL_Driver/Src/stm32f7xx_hal_exti.c **** 
 457:Drivers/STM32F7xx_HAL_Driver/Src/stm32f7xx_hal_exti.c **** /**
 458:Drivers/STM32F7xx_HAL_Driver/Src/stm32f7xx_hal_exti.c ****   * @brief  Get interrupt pending bit of a dedicated line.
 459:Drivers/STM32F7xx_HAL_Driver/Src/stm32f7xx_hal_exti.c ****   * @param  hexti Exti handle.
 460:Drivers/STM32F7xx_HAL_Driver/Src/stm32f7xx_hal_exti.c ****   * @param  Edge Specify which pending edge as to be checked.
 461:Drivers/STM32F7xx_HAL_Driver/Src/stm32f7xx_hal_exti.c ****   *         This parameter can be one of the following values:
 462:Drivers/STM32F7xx_HAL_Driver/Src/stm32f7xx_hal_exti.c ****   *           @arg @ref EXTI_TRIGGER_RISING_FALLING
 463:Drivers/STM32F7xx_HAL_Driver/Src/stm32f7xx_hal_exti.c ****   *         This parameter is kept for compatibility with other series.
 464:Drivers/STM32F7xx_HAL_Driver/Src/stm32f7xx_hal_exti.c ****   * @retval 1 if interrupt is pending else 0.
 465:Drivers/STM32F7xx_HAL_Driver/Src/stm32f7xx_hal_exti.c ****   */
 466:Drivers/STM32F7xx_HAL_Driver/Src/stm32f7xx_hal_exti.c **** uint32_t HAL_EXTI_GetPending(EXTI_HandleTypeDef *hexti, uint32_t Edge)
 467:Drivers/STM32F7xx_HAL_Driver/Src/stm32f7xx_hal_exti.c **** {
 725              		.loc 1 467 1 is_stmt 1 view -0
 726              		.cfi_startproc
 727              		@ args = 0, pretend = 0, frame = 0
 728              		@ frame_needed = 0, uses_anonymous_args = 0
 729              		@ link register save eliminated.
 468:Drivers/STM32F7xx_HAL_Driver/Src/stm32f7xx_hal_exti.c ****   uint32_t regval;
 730              		.loc 1 468 3 view .LVU234
 469:Drivers/STM32F7xx_HAL_Driver/Src/stm32f7xx_hal_exti.c ****   uint32_t linepos;
 731              		.loc 1 469 3 view .LVU235
 470:Drivers/STM32F7xx_HAL_Driver/Src/stm32f7xx_hal_exti.c ****   uint32_t maskline;
 732              		.loc 1 470 3 view .LVU236
 471:Drivers/STM32F7xx_HAL_Driver/Src/stm32f7xx_hal_exti.c **** 
 472:Drivers/STM32F7xx_HAL_Driver/Src/stm32f7xx_hal_exti.c ****   /* Check parameters */
 473:Drivers/STM32F7xx_HAL_Driver/Src/stm32f7xx_hal_exti.c ****   assert_param(IS_EXTI_LINE(hexti->Line));
 733              		.loc 1 473 3 view .LVU237
 474:Drivers/STM32F7xx_HAL_Driver/Src/stm32f7xx_hal_exti.c ****   assert_param(IS_EXTI_CONFIG_LINE(hexti->Line));
 734              		.loc 1 474 3 view .LVU238
 475:Drivers/STM32F7xx_HAL_Driver/Src/stm32f7xx_hal_exti.c ****   assert_param(IS_EXTI_PENDING_EDGE(Edge));
ARM GAS  C:\Users\XAVIER~1\AppData\Local\Temp\ccor22sA.s 			page 23


 735              		.loc 1 475 3 view .LVU239
 476:Drivers/STM32F7xx_HAL_Driver/Src/stm32f7xx_hal_exti.c **** 
 477:Drivers/STM32F7xx_HAL_Driver/Src/stm32f7xx_hal_exti.c ****   /* Compute line mask */
 478:Drivers/STM32F7xx_HAL_Driver/Src/stm32f7xx_hal_exti.c ****   linepos = (hexti->Line & EXTI_PIN_MASK);
 736              		.loc 1 478 3 view .LVU240
 737              		.loc 1 478 19 is_stmt 0 view .LVU241
 738 0000 0368     		ldr	r3, [r0]
 739              		.loc 1 478 11 view .LVU242
 740 0002 03F01F03 		and	r3, r3, #31
 741              	.LVL59:
 479:Drivers/STM32F7xx_HAL_Driver/Src/stm32f7xx_hal_exti.c ****   maskline = (1uL << linepos);
 742              		.loc 1 479 3 is_stmt 1 view .LVU243
 743              		.loc 1 479 12 is_stmt 0 view .LVU244
 744 0006 0120     		movs	r0, #1
 745              	.LVL60:
 746              		.loc 1 479 12 view .LVU245
 747 0008 00FA03F2 		lsl	r2, r0, r3
 748              	.LVL61:
 480:Drivers/STM32F7xx_HAL_Driver/Src/stm32f7xx_hal_exti.c **** 
 481:Drivers/STM32F7xx_HAL_Driver/Src/stm32f7xx_hal_exti.c ****   /* return 1 if bit is set else 0 */
 482:Drivers/STM32F7xx_HAL_Driver/Src/stm32f7xx_hal_exti.c ****   regval = ((EXTI->PR & maskline) >> linepos);
 749              		.loc 1 482 3 is_stmt 1 view .LVU246
 750              		.loc 1 482 18 is_stmt 0 view .LVU247
 751 000c 0249     		ldr	r1, .L56
 752              	.LVL62:
 753              		.loc 1 482 18 view .LVU248
 754 000e 4869     		ldr	r0, [r1, #20]
 755              		.loc 1 482 23 view .LVU249
 756 0010 1040     		ands	r0, r0, r2
 757              	.LVL63:
 483:Drivers/STM32F7xx_HAL_Driver/Src/stm32f7xx_hal_exti.c ****   return regval;
 758              		.loc 1 483 3 is_stmt 1 view .LVU250
 484:Drivers/STM32F7xx_HAL_Driver/Src/stm32f7xx_hal_exti.c **** }
 759              		.loc 1 484 1 is_stmt 0 view .LVU251
 760 0012 D840     		lsrs	r0, r0, r3
 761              	.LVL64:
 762              		.loc 1 484 1 view .LVU252
 763 0014 7047     		bx	lr
 764              	.L57:
 765 0016 00BF     		.align	2
 766              	.L56:
 767 0018 003C0140 		.word	1073822720
 768              		.cfi_endproc
 769              	.LFE147:
 771              		.section	.text.HAL_EXTI_ClearPending,"ax",%progbits
 772              		.align	1
 773              		.global	HAL_EXTI_ClearPending
 774              		.syntax unified
 775              		.thumb
 776              		.thumb_func
 777              		.fpu fpv5-sp-d16
 779              	HAL_EXTI_ClearPending:
 780              	.LVL65:
 781              	.LFB148:
 485:Drivers/STM32F7xx_HAL_Driver/Src/stm32f7xx_hal_exti.c **** 
 486:Drivers/STM32F7xx_HAL_Driver/Src/stm32f7xx_hal_exti.c **** /**
 487:Drivers/STM32F7xx_HAL_Driver/Src/stm32f7xx_hal_exti.c ****   * @brief  Clear interrupt pending bit of a dedicated line.
ARM GAS  C:\Users\XAVIER~1\AppData\Local\Temp\ccor22sA.s 			page 24


 488:Drivers/STM32F7xx_HAL_Driver/Src/stm32f7xx_hal_exti.c ****   * @param  hexti Exti handle.
 489:Drivers/STM32F7xx_HAL_Driver/Src/stm32f7xx_hal_exti.c ****   * @param  Edge Specify which pending edge as to be clear.
 490:Drivers/STM32F7xx_HAL_Driver/Src/stm32f7xx_hal_exti.c ****   *         This parameter can be one of the following values:
 491:Drivers/STM32F7xx_HAL_Driver/Src/stm32f7xx_hal_exti.c ****   *           @arg @ref EXTI_TRIGGER_RISING_FALLING
 492:Drivers/STM32F7xx_HAL_Driver/Src/stm32f7xx_hal_exti.c ****   *         This parameter is kept for compatibility with other series.
 493:Drivers/STM32F7xx_HAL_Driver/Src/stm32f7xx_hal_exti.c ****   * @retval None.
 494:Drivers/STM32F7xx_HAL_Driver/Src/stm32f7xx_hal_exti.c ****   */
 495:Drivers/STM32F7xx_HAL_Driver/Src/stm32f7xx_hal_exti.c **** void HAL_EXTI_ClearPending(EXTI_HandleTypeDef *hexti, uint32_t Edge)
 496:Drivers/STM32F7xx_HAL_Driver/Src/stm32f7xx_hal_exti.c **** {
 782              		.loc 1 496 1 is_stmt 1 view -0
 783              		.cfi_startproc
 784              		@ args = 0, pretend = 0, frame = 0
 785              		@ frame_needed = 0, uses_anonymous_args = 0
 786              		@ link register save eliminated.
 497:Drivers/STM32F7xx_HAL_Driver/Src/stm32f7xx_hal_exti.c ****   uint32_t maskline;
 787              		.loc 1 497 3 view .LVU254
 498:Drivers/STM32F7xx_HAL_Driver/Src/stm32f7xx_hal_exti.c **** 
 499:Drivers/STM32F7xx_HAL_Driver/Src/stm32f7xx_hal_exti.c ****   /* Check parameters */
 500:Drivers/STM32F7xx_HAL_Driver/Src/stm32f7xx_hal_exti.c ****   assert_param(IS_EXTI_LINE(hexti->Line));
 788              		.loc 1 500 3 view .LVU255
 501:Drivers/STM32F7xx_HAL_Driver/Src/stm32f7xx_hal_exti.c ****   assert_param(IS_EXTI_CONFIG_LINE(hexti->Line));
 789              		.loc 1 501 3 view .LVU256
 502:Drivers/STM32F7xx_HAL_Driver/Src/stm32f7xx_hal_exti.c ****   assert_param(IS_EXTI_PENDING_EDGE(Edge));
 790              		.loc 1 502 3 view .LVU257
 503:Drivers/STM32F7xx_HAL_Driver/Src/stm32f7xx_hal_exti.c **** 
 504:Drivers/STM32F7xx_HAL_Driver/Src/stm32f7xx_hal_exti.c ****   /* Compute line mask */
 505:Drivers/STM32F7xx_HAL_Driver/Src/stm32f7xx_hal_exti.c ****   maskline = (1uL << (hexti->Line & EXTI_PIN_MASK));
 791              		.loc 1 505 3 view .LVU258
 792              		.loc 1 505 28 is_stmt 0 view .LVU259
 793 0000 0268     		ldr	r2, [r0]
 794              		.loc 1 505 35 view .LVU260
 795 0002 02F01F02 		and	r2, r2, #31
 796              		.loc 1 505 12 view .LVU261
 797 0006 0123     		movs	r3, #1
 798 0008 9340     		lsls	r3, r3, r2
 799              	.LVL66:
 506:Drivers/STM32F7xx_HAL_Driver/Src/stm32f7xx_hal_exti.c **** 
 507:Drivers/STM32F7xx_HAL_Driver/Src/stm32f7xx_hal_exti.c ****   /* Clear Pending bit */
 508:Drivers/STM32F7xx_HAL_Driver/Src/stm32f7xx_hal_exti.c ****   EXTI->PR =  maskline;
 800              		.loc 1 508 3 is_stmt 1 view .LVU262
 801              		.loc 1 508 12 is_stmt 0 view .LVU263
 802 000a 014A     		ldr	r2, .L59
 803 000c 5361     		str	r3, [r2, #20]
 509:Drivers/STM32F7xx_HAL_Driver/Src/stm32f7xx_hal_exti.c **** }
 804              		.loc 1 509 1 view .LVU264
 805 000e 7047     		bx	lr
 806              	.L60:
 807              		.align	2
 808              	.L59:
 809 0010 003C0140 		.word	1073822720
 810              		.cfi_endproc
 811              	.LFE148:
 813              		.section	.text.HAL_EXTI_GenerateSWI,"ax",%progbits
 814              		.align	1
 815              		.global	HAL_EXTI_GenerateSWI
 816              		.syntax unified
 817              		.thumb
ARM GAS  C:\Users\XAVIER~1\AppData\Local\Temp\ccor22sA.s 			page 25


 818              		.thumb_func
 819              		.fpu fpv5-sp-d16
 821              	HAL_EXTI_GenerateSWI:
 822              	.LVL67:
 823              	.LFB149:
 510:Drivers/STM32F7xx_HAL_Driver/Src/stm32f7xx_hal_exti.c **** 
 511:Drivers/STM32F7xx_HAL_Driver/Src/stm32f7xx_hal_exti.c **** /**
 512:Drivers/STM32F7xx_HAL_Driver/Src/stm32f7xx_hal_exti.c ****   * @brief  Generate a software interrupt for a dedicated line.
 513:Drivers/STM32F7xx_HAL_Driver/Src/stm32f7xx_hal_exti.c ****   * @param  hexti Exti handle.
 514:Drivers/STM32F7xx_HAL_Driver/Src/stm32f7xx_hal_exti.c ****   * @retval None.
 515:Drivers/STM32F7xx_HAL_Driver/Src/stm32f7xx_hal_exti.c ****   */
 516:Drivers/STM32F7xx_HAL_Driver/Src/stm32f7xx_hal_exti.c **** void HAL_EXTI_GenerateSWI(EXTI_HandleTypeDef *hexti)
 517:Drivers/STM32F7xx_HAL_Driver/Src/stm32f7xx_hal_exti.c **** {
 824              		.loc 1 517 1 is_stmt 1 view -0
 825              		.cfi_startproc
 826              		@ args = 0, pretend = 0, frame = 0
 827              		@ frame_needed = 0, uses_anonymous_args = 0
 828              		@ link register save eliminated.
 518:Drivers/STM32F7xx_HAL_Driver/Src/stm32f7xx_hal_exti.c ****   uint32_t maskline;
 829              		.loc 1 518 3 view .LVU266
 519:Drivers/STM32F7xx_HAL_Driver/Src/stm32f7xx_hal_exti.c **** 
 520:Drivers/STM32F7xx_HAL_Driver/Src/stm32f7xx_hal_exti.c ****   /* Check parameters */
 521:Drivers/STM32F7xx_HAL_Driver/Src/stm32f7xx_hal_exti.c ****   assert_param(IS_EXTI_LINE(hexti->Line));
 830              		.loc 1 521 3 view .LVU267
 522:Drivers/STM32F7xx_HAL_Driver/Src/stm32f7xx_hal_exti.c ****   assert_param(IS_EXTI_CONFIG_LINE(hexti->Line));
 831              		.loc 1 522 3 view .LVU268
 523:Drivers/STM32F7xx_HAL_Driver/Src/stm32f7xx_hal_exti.c **** 
 524:Drivers/STM32F7xx_HAL_Driver/Src/stm32f7xx_hal_exti.c ****   /* Compute line mask */
 525:Drivers/STM32F7xx_HAL_Driver/Src/stm32f7xx_hal_exti.c ****   maskline = (1uL << (hexti->Line & EXTI_PIN_MASK));
 832              		.loc 1 525 3 view .LVU269
 833              		.loc 1 525 28 is_stmt 0 view .LVU270
 834 0000 0268     		ldr	r2, [r0]
 835              		.loc 1 525 35 view .LVU271
 836 0002 02F01F02 		and	r2, r2, #31
 837              		.loc 1 525 12 view .LVU272
 838 0006 0123     		movs	r3, #1
 839 0008 9340     		lsls	r3, r3, r2
 840              	.LVL68:
 526:Drivers/STM32F7xx_HAL_Driver/Src/stm32f7xx_hal_exti.c **** 
 527:Drivers/STM32F7xx_HAL_Driver/Src/stm32f7xx_hal_exti.c ****   /* Generate Software interrupt */
 528:Drivers/STM32F7xx_HAL_Driver/Src/stm32f7xx_hal_exti.c ****   EXTI->SWIER = maskline;
 841              		.loc 1 528 3 is_stmt 1 view .LVU273
 842              		.loc 1 528 15 is_stmt 0 view .LVU274
 843 000a 014A     		ldr	r2, .L62
 844 000c 1361     		str	r3, [r2, #16]
 529:Drivers/STM32F7xx_HAL_Driver/Src/stm32f7xx_hal_exti.c **** }
 845              		.loc 1 529 1 view .LVU275
 846 000e 7047     		bx	lr
 847              	.L63:
 848              		.align	2
 849              	.L62:
 850 0010 003C0140 		.word	1073822720
 851              		.cfi_endproc
 852              	.LFE149:
 854              		.text
 855              	.Letext0:
 856              		.file 2 "c:\\program files (x86)\\gnu arm embedded toolchain\\10 2020-q4-major\\arm-none-eabi\\inc
ARM GAS  C:\Users\XAVIER~1\AppData\Local\Temp\ccor22sA.s 			page 26


 857              		.file 3 "c:\\program files (x86)\\gnu arm embedded toolchain\\10 2020-q4-major\\arm-none-eabi\\inc
 858              		.file 4 "Drivers/CMSIS/Device/ST/STM32F7xx/Include/stm32f746xx.h"
 859              		.file 5 "Drivers/STM32F7xx_HAL_Driver/Inc/stm32f7xx_hal_def.h"
 860              		.file 6 "Drivers/STM32F7xx_HAL_Driver/Inc/stm32f7xx_hal_exti.h"
ARM GAS  C:\Users\XAVIER~1\AppData\Local\Temp\ccor22sA.s 			page 27


DEFINED SYMBOLS
                            *ABS*:00000000 stm32f7xx_hal_exti.c
C:\Users\XAVIER~1\AppData\Local\Temp\ccor22sA.s:18     .text.HAL_EXTI_SetConfigLine:00000000 $t
C:\Users\XAVIER~1\AppData\Local\Temp\ccor22sA.s:26     .text.HAL_EXTI_SetConfigLine:00000000 HAL_EXTI_SetConfigLine
C:\Users\XAVIER~1\AppData\Local\Temp\ccor22sA.s:240    .text.HAL_EXTI_SetConfigLine:000000cc $d
C:\Users\XAVIER~1\AppData\Local\Temp\ccor22sA.s:246    .text.HAL_EXTI_GetConfigLine:00000000 $t
C:\Users\XAVIER~1\AppData\Local\Temp\ccor22sA.s:253    .text.HAL_EXTI_GetConfigLine:00000000 HAL_EXTI_GetConfigLine
C:\Users\XAVIER~1\AppData\Local\Temp\ccor22sA.s:411    .text.HAL_EXTI_GetConfigLine:0000009c $d
C:\Users\XAVIER~1\AppData\Local\Temp\ccor22sA.s:417    .text.HAL_EXTI_ClearConfigLine:00000000 $t
C:\Users\XAVIER~1\AppData\Local\Temp\ccor22sA.s:424    .text.HAL_EXTI_ClearConfigLine:00000000 HAL_EXTI_ClearConfigLine
C:\Users\XAVIER~1\AppData\Local\Temp\ccor22sA.s:564    .text.HAL_EXTI_ClearConfigLine:00000080 $d
C:\Users\XAVIER~1\AppData\Local\Temp\ccor22sA.s:570    .text.HAL_EXTI_RegisterCallback:00000000 $t
C:\Users\XAVIER~1\AppData\Local\Temp\ccor22sA.s:577    .text.HAL_EXTI_RegisterCallback:00000000 HAL_EXTI_RegisterCallback
C:\Users\XAVIER~1\AppData\Local\Temp\ccor22sA.s:610    .text.HAL_EXTI_GetHandle:00000000 $t
C:\Users\XAVIER~1\AppData\Local\Temp\ccor22sA.s:617    .text.HAL_EXTI_GetHandle:00000000 HAL_EXTI_GetHandle
C:\Users\XAVIER~1\AppData\Local\Temp\ccor22sA.s:649    .text.HAL_EXTI_IRQHandler:00000000 $t
C:\Users\XAVIER~1\AppData\Local\Temp\ccor22sA.s:656    .text.HAL_EXTI_IRQHandler:00000000 HAL_EXTI_IRQHandler
C:\Users\XAVIER~1\AppData\Local\Temp\ccor22sA.s:710    .text.HAL_EXTI_IRQHandler:00000020 $d
C:\Users\XAVIER~1\AppData\Local\Temp\ccor22sA.s:715    .text.HAL_EXTI_GetPending:00000000 $t
C:\Users\XAVIER~1\AppData\Local\Temp\ccor22sA.s:722    .text.HAL_EXTI_GetPending:00000000 HAL_EXTI_GetPending
C:\Users\XAVIER~1\AppData\Local\Temp\ccor22sA.s:767    .text.HAL_EXTI_GetPending:00000018 $d
C:\Users\XAVIER~1\AppData\Local\Temp\ccor22sA.s:772    .text.HAL_EXTI_ClearPending:00000000 $t
C:\Users\XAVIER~1\AppData\Local\Temp\ccor22sA.s:779    .text.HAL_EXTI_ClearPending:00000000 HAL_EXTI_ClearPending
C:\Users\XAVIER~1\AppData\Local\Temp\ccor22sA.s:809    .text.HAL_EXTI_ClearPending:00000010 $d
C:\Users\XAVIER~1\AppData\Local\Temp\ccor22sA.s:814    .text.HAL_EXTI_GenerateSWI:00000000 $t
C:\Users\XAVIER~1\AppData\Local\Temp\ccor22sA.s:821    .text.HAL_EXTI_GenerateSWI:00000000 HAL_EXTI_GenerateSWI
C:\Users\XAVIER~1\AppData\Local\Temp\ccor22sA.s:850    .text.HAL_EXTI_GenerateSWI:00000010 $d

NO UNDEFINED SYMBOLS
